22:03:03 INFO  : Registering command handlers for SDK TCF services
22:03:04 INFO  : Launching XSCT server: xsct.bat -interactive D:\EMBEDDEDPROJECT\MyWork\project_lab3c\project_lab3c.sdk\temp_xsdb_launch_script.tcl
22:03:07 INFO  : XSCT server has started successfully.
22:03:07 INFO  : Successfully done setting XSCT server connection channel  
22:03:07 INFO  : Successfully done setting SDK workspace  
22:03:07 INFO  : Processing command line option -hwspec D:/EMBEDDEDPROJECT/MyWork/project_lab3c/project_lab3c.sdk/design_1_wrapper.hdf.
22:09:13 INFO  : Connected to target on host '127.0.0.1' and port '3121'.
22:09:17 INFO  : 'targets -set -filter {jtag_cable_name =~ "Digilent Zed 210248650436" && level==0} -index 1' command is executed.
22:09:19 INFO  : FPGA configured successfully with bitstream "D:/EMBEDDEDPROJECT/MyWork/project_lab3c/project_lab3c.sdk/design_1_wrapper_hw_platform_0/design_1_wrapper.bit"
22:10:05 INFO  : ps7_init is completed.
22:10:05 INFO  : ps7_post_config is completed.
22:10:06 INFO  : Processor reset is completed for ps7_cortexa9_0
22:10:51 INFO  : ps7_cortexa9_0 Processor is in use. Please stop existing Run or Debug sessions before launching.
22:10:57 INFO  : Processor reset is completed for ps7_cortexa9_0
22:11:26 INFO  : ps7_cortexa9_0 Processor is in use. Please stop existing Run or Debug sessions before launching.
22:11:29 INFO  : Processor reset is completed for ps7_cortexa9_0
22:11:29 ERROR : Port COM4 is already in use.
22:11:51 INFO  : ps7_cortexa9_0 Processor is in use. Please stop existing Run or Debug sessions before launching.
22:11:54 INFO  : Processor reset is completed for ps7_cortexa9_0
22:13:22 INFO  : Processor reset is completed for ps7_cortexa9_0
22:20:36 INFO  : Processor reset is completed for ps7_cortexa9_0
22:22:53 INFO  : Processor reset is completed for ps7_cortexa9_0
22:24:24 INFO  : Processor reset is completed for ps7_cortexa9_0
22:34:45 ERROR : Unexpected error while parsing XMD response ?: com.google.gson.JsonSyntaxException: com.google.gson.stream.MalformedJsonException: invalid number or unquoted string near 
22:49:09 INFO  : Registering command handlers for SDK TCF services
22:49:09 INFO  : Launching XSCT server: xsct.bat -interactive D:\EMBEDDEDPROJECT\MyWork\project_lab3c\project_lab3c.sdk\temp_xsdb_launch_script.tcl
22:49:14 INFO  : XSCT server has started successfully.
22:49:14 INFO  : Successfully done setting XSCT server connection channel  
22:49:15 INFO  : Successfully done setting SDK workspace  
22:49:15 INFO  : Processing command line option -hwspec D:/EMBEDDEDPROJECT/MyWork/project_lab3c/project_lab3c.sdk/design_1_wrapper.hdf.
22:49:15 INFO  : Checking for hwspec changes in the project design_1_wrapper_hw_platform_0.
22:49:17 INFO  : SDK has detected change in the last modified timestamps for source hardware specification file Source:1507474123429,  Project:1507471329928
22:49:17 INFO  : The hardware specification for project 'design_1_wrapper_hw_platform_0' is different from D:/EMBEDDEDPROJECT/MyWork/project_lab3c/project_lab3c.sdk/design_1_wrapper.hdf.
22:49:17 INFO  : Copied contents of D:/EMBEDDEDPROJECT/MyWork/project_lab3c/project_lab3c.sdk/design_1_wrapper.hdf into \design_1_wrapper_hw_platform_0\system.hdf.
22:49:21 INFO  : Synchronizing projects in the workspace with the hardware platform specification changes.
22:49:23 INFO  : 
22:49:24 INFO  : Updating hardware inferred compiler options for lab3c.
22:49:24 INFO  : Clearing existing target manager status.
22:49:47 INFO  : Connected to target on host '127.0.0.1' and port '3121'.
22:49:48 INFO  : 'targets -set -filter {jtag_cable_name =~ "Digilent Zed 210248650436" && level==0} -index 1' command is executed.
22:49:51 INFO  : FPGA configured successfully with bitstream "D:/EMBEDDEDPROJECT/MyWork/project_lab3c/project_lab3c.sdk/design_1_wrapper_hw_platform_0/design_1_wrapper.bit"
22:50:09 INFO  : ps7_init is completed.
22:50:09 INFO  : ps7_post_config is completed.
22:50:09 INFO  : Processor reset is completed for ps7_cortexa9_0
22:59:00 INFO  : Processor reset is completed for ps7_cortexa9_0
23:00:26 INFO  : Processor reset is completed for ps7_cortexa9_0
23:00:50 INFO  : Processor reset is completed for ps7_cortexa9_0
23:07:05 ERROR : Unexpected error while parsing XMD response ?: com.google.gson.JsonSyntaxException: com.google.gson.stream.MalformedJsonException: invalid number or unquoted string near 
23:45:03 INFO  : Registering command handlers for SDK TCF services
23:45:03 INFO  : Launching XSCT server: xsct.bat -interactive D:\EMBEDDEDPROJECT\MyWork\project_lab3c\project_lab3c.sdk\temp_xsdb_launch_script.tcl
23:45:06 INFO  : XSCT server has started successfully.
23:45:06 INFO  : Successfully done setting XSCT server connection channel  
23:45:06 INFO  : Successfully done setting SDK workspace  
23:45:06 INFO  : Processing command line option -hwspec D:/EMBEDDEDPROJECT/MyWork/project_lab3c/project_lab3c.sdk/design_1_wrapper.hdf.
23:45:06 INFO  : Checking for hwspec changes in the project design_1_wrapper_hw_platform_0.
23:45:08 INFO  : SDK has detected change in the last modified timestamps for source hardware specification file Source:1507477473500,  Project:1507474123429
23:45:08 INFO  : The hardware specification for project 'design_1_wrapper_hw_platform_0' is different from D:/EMBEDDEDPROJECT/MyWork/project_lab3c/project_lab3c.sdk/design_1_wrapper.hdf.
23:45:08 INFO  : Copied contents of D:/EMBEDDEDPROJECT/MyWork/project_lab3c/project_lab3c.sdk/design_1_wrapper.hdf into \design_1_wrapper_hw_platform_0\system.hdf.
23:47:03 INFO  : Synchronizing projects in the workspace with the hardware platform specification changes.
23:47:18 INFO  : 
23:47:19 INFO  : Updating hardware inferred compiler options for lab3c.
23:47:19 INFO  : Clearing existing target manager status.
23:47:33 INFO  : Connected to target on host '127.0.0.1' and port '3121'.
23:47:43 INFO  : Connected to target on host '127.0.0.1' and port '3121'.
23:47:45 INFO  : 'targets -set -filter {jtag_cable_name =~ "Digilent Zed 210248650436" && level==0} -index 1' command is executed.
23:47:50 INFO  : FPGA configured successfully with bitstream "D:/EMBEDDEDPROJECT/MyWork/project_lab3c/project_lab3c.sdk/design_1_wrapper_hw_platform_0/design_1_wrapper.bit"
23:48:08 INFO  : ps7_init is completed.
23:48:08 INFO  : ps7_post_config is completed.
23:48:12 INFO  : Processor reset is completed for ps7_cortexa9_0
23:49:29 INFO  : Processor reset is completed for ps7_cortexa9_0
00:24:11 ERROR : Unexpected error while parsing XMD response ?: com.google.gson.JsonSyntaxException: com.google.gson.stream.MalformedJsonException: invalid number or unquoted string near 
11:19:42 INFO  : Registering command handlers for SDK TCF services
11:19:43 INFO  : Launching XSCT server: xsct.bat -interactive D:\EMBEDDEDPROJECT\MyWork\project_lab3c\project_lab3c.sdk\temp_xsdb_launch_script.tcl
11:19:47 INFO  : XSCT server has started successfully.
11:19:49 INFO  : Successfully done setting XSCT server connection channel  
11:19:49 INFO  : Successfully done setting SDK workspace  
11:19:49 INFO  : Processing command line option -hwspec D:/EMBEDDEDPROJECT/MyWork/project_lab3c/project_lab3c.sdk/design_1_wrapper.hdf.
11:19:49 INFO  : Checking for hwspec changes in the project design_1_wrapper_hw_platform_0.
11:19:53 INFO  : SDK has detected change in the last modified timestamps for source hardware specification file Source:1507605547226,  Project:1507477473500
11:19:53 INFO  : The hardware specification for project 'design_1_wrapper_hw_platform_0' is different from D:/EMBEDDEDPROJECT/MyWork/project_lab3c/project_lab3c.sdk/design_1_wrapper.hdf.
11:19:53 INFO  : Copied contents of D:/EMBEDDEDPROJECT/MyWork/project_lab3c/project_lab3c.sdk/design_1_wrapper.hdf into \design_1_wrapper_hw_platform_0\system.hdf.
11:21:23 INFO  : Synchronizing projects in the workspace with the hardware platform specification changes.
11:21:38 INFO  : 
11:21:39 INFO  : Updating hardware inferred compiler options for lab3c.
11:21:39 INFO  : Clearing existing target manager status.
11:24:00 ERROR : Unexpected error while parsing XMD response ?: com.google.gson.JsonSyntaxException: com.google.gson.stream.MalformedJsonException: invalid number or unquoted string near 
11:24:19 INFO  : Registering command handlers for SDK TCF services
11:24:19 INFO  : Launching XSCT server: xsct.bat -interactive D:\EMBEDDEDPROJECT\MyWork\project_lab3c\project_lab3c.sdk\temp_xsdb_launch_script.tcl
11:24:21 INFO  : XSCT server has started successfully.
11:24:22 INFO  : Successfully done setting XSCT server connection channel  
11:24:22 INFO  : Successfully done setting SDK workspace  
11:24:22 INFO  : Processing command line option -hwspec D:/EMBEDDEDPROJECT/MyWork/project_lab3c/project_lab3c.sdk/design_1_wrapper.hdf.
11:24:22 INFO  : Checking for hwspec changes in the project design_1_wrapper_hw_platform_0.
11:26:09 INFO  : Connected to target on host '127.0.0.1' and port '3121'.
11:26:11 INFO  : 'targets -set -filter {jtag_cable_name =~ "Digilent Zed 210248650436" && level==0} -index 1' command is executed.
11:26:14 INFO  : FPGA configured successfully with bitstream "D:/EMBEDDEDPROJECT/MyWork/project_lab3c/project_lab3c.sdk/design_1_wrapper_hw_platform_0/design_1_wrapper.bit"
11:26:24 INFO  : ps7_init is completed.
11:26:24 INFO  : ps7_post_config is completed.
11:26:25 INFO  : Processor reset is completed for ps7_cortexa9_0
11:28:37 INFO  : Processor reset is completed for ps7_cortexa9_0
11:29:45 INFO  : Processor reset is completed for ps7_cortexa9_0
11:30:17 INFO  : ps7_cortexa9_0 Processor is in use. Please stop existing Run or Debug sessions before launching.
11:30:19 INFO  : Processor reset is completed for ps7_cortexa9_0
11:33:15 INFO  : Processor reset is completed for ps7_cortexa9_0
11:34:22 INFO  : Processor reset is completed for ps7_cortexa9_0
12:19:00 ERROR : Unexpected error while parsing XMD response ?: com.google.gson.JsonSyntaxException: com.google.gson.stream.MalformedJsonException: invalid number or unquoted string near 
12:47:11 INFO  : Registering command handlers for SDK TCF services
12:47:11 INFO  : Launching XSCT server: xsct.bat -interactive D:\EMBEDDEDPROJECT\MyWork\project_lab3c\project_lab3c.sdk\temp_xsdb_launch_script.tcl
12:47:15 INFO  : XSCT server has started successfully.
12:47:15 INFO  : Successfully done setting XSCT server connection channel  
12:47:15 INFO  : Successfully done setting SDK workspace  
12:47:15 INFO  : Processing command line option -hwspec D:/EMBEDDEDPROJECT/MyWork/project_lab3c/project_lab3c.sdk/design_1_wrapper.hdf.
12:47:15 INFO  : Checking for hwspec changes in the project design_1_wrapper_hw_platform_0.
12:47:17 INFO  : SDK has detected change in the last modified timestamps for source hardware specification file Source:1507610786367,  Project:1507605547226
12:47:17 INFO  : The hardware specification for project 'design_1_wrapper_hw_platform_0' is different from D:/EMBEDDEDPROJECT/MyWork/project_lab3c/project_lab3c.sdk/design_1_wrapper.hdf.
12:47:17 INFO  : Copied contents of D:/EMBEDDEDPROJECT/MyWork/project_lab3c/project_lab3c.sdk/design_1_wrapper.hdf into \design_1_wrapper_hw_platform_0\system.hdf.
12:47:21 INFO  : Synchronizing projects in the workspace with the hardware platform specification changes.
12:47:23 INFO  : 
12:47:24 INFO  : Updating hardware inferred compiler options for lab3c.
12:47:24 INFO  : Clearing existing target manager status.
12:47:33 INFO  : Connected to target on host '127.0.0.1' and port '3121'.
12:47:33 INFO  : 'targets -set -filter {jtag_cable_name =~ "Digilent Zed 210248650436" && level==0} -index 1' command is executed.
12:47:37 INFO  : FPGA configured successfully with bitstream "D:/EMBEDDEDPROJECT/MyWork/project_lab3c/project_lab3c.sdk/design_1_wrapper_hw_platform_0/design_1_wrapper.bit"
12:47:52 INFO  : ps7_init is completed.
12:47:52 INFO  : ps7_post_config is completed.
12:47:53 INFO  : Processor reset is completed for ps7_cortexa9_0
12:48:18 INFO  : Processor reset is completed for ps7_cortexa9_0
12:49:22 INFO  : Processor reset is completed for ps7_cortexa9_0
12:51:09 ERROR : Unexpected error while parsing XMD response ?: com.google.gson.JsonSyntaxException: com.google.gson.stream.MalformedJsonException: invalid number or unquoted string near 
14:10:14 INFO  : Registering command handlers for SDK TCF services
14:10:14 INFO  : Launching XSCT server: xsct.bat -interactive D:\EMBEDDEDPROJECT\MyWork\project_lab3c\project_lab3c.sdk\temp_xsdb_launch_script.tcl
14:10:15 INFO  : XSCT server has started successfully.
14:10:15 INFO  : Successfully done setting XSCT server connection channel  
14:10:15 INFO  : Successfully done setting SDK workspace  
14:10:15 INFO  : Processing command line option -hwspec D:/EMBEDDEDPROJECT/MyWork/project_lab3c/project_lab3c.sdk/design_1_wrapper.hdf.
14:10:15 INFO  : Checking for hwspec changes in the project design_1_wrapper_hw_platform_0.
14:10:46 INFO  : Connected to target on host '127.0.0.1' and port '3121'.
14:10:49 INFO  : 'targets -set -filter {jtag_cable_name =~ "Digilent Zed 210248650436" && level==0} -index 1' command is executed.
14:10:52 INFO  : FPGA configured successfully with bitstream "D:/EMBEDDEDPROJECT/MyWork/project_lab3c/project_lab3c.sdk/design_1_wrapper_hw_platform_0/design_1_wrapper.bit"
14:11:02 INFO  : Processor reset is completed for ps7_cortexa9_0
14:11:59 INFO  : Processor reset is completed for ps7_cortexa9_0
14:12:34 ERROR : Unexpected error while parsing XMD response ?: com.google.gson.JsonSyntaxException: com.google.gson.stream.MalformedJsonException: invalid number or unquoted string near 
14:45:40 INFO  : Registering command handlers for SDK TCF services
14:45:40 INFO  : Launching XSCT server: xsct.bat -interactive D:\EMBEDDEDPROJECT\MyWork\project_lab3c\project_lab3c.sdk\temp_xsdb_launch_script.tcl
14:45:42 INFO  : XSCT server has started successfully.
14:45:42 INFO  : Successfully done setting XSCT server connection channel  
14:45:43 INFO  : Successfully done setting SDK workspace  
14:45:43 INFO  : Processing command line option -hwspec D:/EMBEDDEDPROJECT/MyWork/project_lab3c/project_lab3c.sdk/design_1_wrapper.hdf.
14:45:43 INFO  : Checking for hwspec changes in the project design_1_wrapper_hw_platform_0.
14:46:16 INFO  : Connected to target on host '127.0.0.1' and port '3121'.
14:46:21 INFO  : 'targets -set -filter {jtag_cable_name =~ "Digilent Zed 210248650436" && level==0} -index 1' command is executed.
14:46:26 INFO  : FPGA configured successfully with bitstream "D:/EMBEDDEDPROJECT/MyWork/project_lab3c/project_lab3c.sdk/design_1_wrapper_hw_platform_0/design_1_wrapper.bit"
14:46:37 INFO  : Processor reset is completed for ps7_cortexa9_0
14:48:20 INFO  : ps7_cortexa9_0 Processor is in use. Please stop existing Run or Debug sessions before launching.
14:48:23 INFO  : Processor reset is completed for ps7_cortexa9_0
14:50:30 INFO  : ps7_cortexa9_0 Processor is in use. Please stop existing Run or Debug sessions before launching.
14:50:34 INFO  : Processor reset is completed for ps7_cortexa9_0
14:50:47 INFO  : Processor reset is completed for ps7_cortexa9_0
14:51:28 INFO  : Processor reset is completed for ps7_cortexa9_0
14:51:58 INFO  : Processor reset is completed for ps7_cortexa9_0
14:52:36 INFO  : Processor reset is completed for ps7_cortexa9_0
15:34:06 ERROR : Unexpected error while parsing XMD response ?: com.google.gson.JsonSyntaxException: com.google.gson.stream.MalformedJsonException: invalid number or unquoted string near 
16:07:01 INFO  : Registering command handlers for SDK TCF services
16:07:03 INFO  : Launching XSCT server: xsct.bat -interactive D:\EMBEDDEDPROJECT\MyWork\project_lab3c\project_lab3c.sdk\temp_xsdb_launch_script.tcl
16:07:12 INFO  : XSCT server has started successfully.
16:07:18 INFO  : Successfully done setting XSCT server connection channel  
16:07:18 INFO  : Successfully done setting SDK workspace  
16:07:18 INFO  : Processing command line option -hwspec D:/EMBEDDEDPROJECT/MyWork/project_lab3c/project_lab3c.sdk/design_1_wrapper.hdf.
16:07:18 INFO  : Checking for hwspec changes in the project design_1_wrapper_hw_platform_0.
16:07:25 INFO  : SDK has detected change in the last modified timestamps for source hardware specification file Source:1509004810796,  Project:1507610786367
16:07:25 INFO  : The hardware specification for project 'design_1_wrapper_hw_platform_0' is different from D:/EMBEDDEDPROJECT/MyWork/project_lab3c/project_lab3c.sdk/design_1_wrapper.hdf.
16:07:25 INFO  : Copied contents of D:/EMBEDDEDPROJECT/MyWork/project_lab3c/project_lab3c.sdk/design_1_wrapper.hdf into \design_1_wrapper_hw_platform_0\system.hdf.
16:07:35 INFO  : Synchronizing projects in the workspace with the hardware platform specification changes.
16:07:42 INFO  : 
16:07:43 INFO  : Updating hardware inferred compiler options for lab3c.
16:07:43 INFO  : Clearing existing target manager status.
16:15:25 ERROR : Unexpected error while parsing XMD response ?: com.google.gson.JsonSyntaxException: com.google.gson.stream.MalformedJsonException: invalid number or unquoted string near 
16:15:42 INFO  : Registering command handlers for SDK TCF services
16:15:42 INFO  : Launching XSCT server: xsct.bat -interactive D:\EMBEDDEDPROJECT\MyWork\project_lab3c\project_lab3c.sdk\temp_xsdb_launch_script.tcl
16:15:44 INFO  : XSCT server has started successfully.
16:15:44 INFO  : Successfully done setting XSCT server connection channel  
16:15:45 INFO  : Successfully done setting SDK workspace  
16:15:45 INFO  : Processing command line option -hwspec D:/EMBEDDEDPROJECT/MyWork/project_lab3c/project_lab3c.sdk/design_1_wrapper.hdf.
16:15:45 INFO  : Checking for hwspec changes in the project design_1_wrapper_hw_platform_0.
16:18:08 INFO  : Connected to target on host '127.0.0.1' and port '3121'.
16:18:09 INFO  : 'targets -set -filter {jtag_cable_name =~ "Digilent Zed 210248650436" && level==0} -index 1' command is executed.
16:18:12 INFO  : FPGA configured successfully with bitstream "D:/EMBEDDEDPROJECT/MyWork/project_lab3c/project_lab3c.sdk/design_1_wrapper_hw_platform_0/design_1_wrapper.bit"
16:18:28 INFO  : ps7_init is completed.
16:18:28 INFO  : ps7_post_config is completed.
16:18:29 INFO  : Processor reset is completed for ps7_cortexa9_0
16:19:38 ERROR : Unexpected error while parsing XMD response ?: com.google.gson.JsonSyntaxException: com.google.gson.stream.MalformedJsonException: invalid number or unquoted string near 
00:54:03 INFO  : Registering command handlers for SDK TCF services
00:54:03 INFO  : Launching XSCT server: xsct.bat -interactive D:\EMBEDDEDPROJECT\MyWork\project_lab3c\project_lab3c.sdk\temp_xsdb_launch_script.tcl
00:54:05 INFO  : XSCT server has started successfully.
00:54:05 INFO  : Successfully done setting XSCT server connection channel  
00:54:06 INFO  : Successfully done setting SDK workspace  
00:54:06 INFO  : Processing command line option -hwspec D:/EMBEDDEDPROJECT/MyWork/project_lab3c/project_lab3c.sdk/design_1_wrapper.hdf.
00:54:06 INFO  : Checking for hwspec changes in the project design_1_wrapper_hw_platform_0.
00:54:26 INFO  : Connected to target on host '127.0.0.1' and port '3121'.
00:54:27 INFO  : 'targets -set -filter {jtag_cable_name =~ "Digilent Zed 210248650436" && level==0} -index 1' command is executed.
00:54:30 INFO  : FPGA configured successfully with bitstream "D:/EMBEDDEDPROJECT/MyWork/project_lab3c/project_lab3c.sdk/design_1_wrapper_hw_platform_0/design_1_wrapper.bit"
00:54:48 INFO  : ps7_init is completed.
00:54:48 INFO  : ps7_post_config is completed.
00:54:50 INFO  : Processor reset is completed for ps7_cortexa9_0
00:57:04 INFO  : Processor reset is completed for ps7_cortexa9_0
00:57:47 INFO  : Processor reset is completed for ps7_cortexa9_0
01:37:02 ERROR : Unexpected error while parsing XMD response ?: com.google.gson.JsonSyntaxException: com.google.gson.stream.MalformedJsonException: invalid number or unquoted string near 
01:37:40 INFO  : Registering command handlers for SDK TCF services
01:37:40 INFO  : Launching XSCT server: xsct.bat -interactive D:\EMBEDDEDPROJECT\MyWork\project_lab3c\project_lab3c.sdk\temp_xsdb_launch_script.tcl
01:37:43 INFO  : XSCT server has started successfully.
01:37:43 INFO  : Successfully done setting XSCT server connection channel  
01:37:44 INFO  : Successfully done setting SDK workspace  
01:37:44 INFO  : Processing command line option -hwspec D:/EMBEDDEDPROJECT/MyWork/project_lab3c/project_lab3c.sdk/design_1_wrapper.hdf.
01:37:44 INFO  : Checking for hwspec changes in the project design_1_wrapper_hw_platform_0.
01:38:40 INFO  : Connected to target on host '127.0.0.1' and port '3121'.
01:38:44 INFO  : 'targets -set -filter {jtag_cable_name =~ "Digilent Zed 210248650436" && level==0} -index 1' command is executed.
01:38:47 INFO  : FPGA configured successfully with bitstream "D:/EMBEDDEDPROJECT/MyWork/project_lab3c/project_lab3c.sdk/design_1_wrapper_hw_platform_0/design_1_wrapper.bit"
01:39:06 INFO  : Processor reset is completed for ps7_cortexa9_0
01:39:50 ERROR : Unexpected error while parsing XMD response ?: com.google.gson.JsonSyntaxException: com.google.gson.stream.MalformedJsonException: invalid number or unquoted string near 
02:06:58 INFO  : Registering command handlers for SDK TCF services
02:06:59 INFO  : Launching XSCT server: xsct.bat -interactive C:\Users\53430\Desktop\lab3b\project_lab3c\project_lab3c.sdk\temp_xsdb_launch_script.tcl
02:07:01 INFO  : XSCT server has started successfully.
02:07:01 INFO  : Successfully done setting XSCT server connection channel  
02:07:01 INFO  : Successfully done setting SDK workspace  
02:07:01 INFO  : Processing command line option -hwspec C:/Users/53430/Desktop/lab3b/project_lab3c/project_lab3c.sdk/design_1_wrapper.hdf.
02:09:17 INFO  : Connected to target on host '127.0.0.1' and port '3121'.
02:09:19 INFO  : 'targets -set -filter {jtag_cable_name =~ "Digilent Zed 210248650436" && level==0} -index 1' command is executed.
02:09:22 INFO  : FPGA configured successfully with bitstream "C:/Users/53430/Desktop/lab3b/project_lab3c/project_lab3c.sdk/design_1_wrapper_hw_platform_1/design_1_wrapper.bit"
02:09:38 INFO  : ps7_init is completed.
02:09:38 INFO  : ps7_post_config is completed.
02:09:38 INFO  : Processor reset is completed for ps7_cortexa9_0
02:22:45 INFO  : ps7_cortexa9_0 Processor is in use. Please stop existing Run or Debug sessions before launching.
02:22:49 INFO  : Processor reset is completed for ps7_cortexa9_0
02:25:48 INFO  : ps7_cortexa9_0 Processor is in use. Please stop existing Run or Debug sessions before launching.
02:25:50 INFO  : Processor reset is completed for ps7_cortexa9_0
02:59:04 ERROR : Unexpected error while parsing XMD response ?: com.google.gson.JsonSyntaxException: com.google.gson.stream.MalformedJsonException: invalid number or unquoted string near 
08:06:32 INFO  : Registering command handlers for SDK TCF services
08:06:33 INFO  : Launching XSCT server: xsct.bat -interactive C:\Users\53430\Desktop\lab3b\project_lab3c\project_lab3c.sdk\temp_xsdb_launch_script.tcl
08:06:37 INFO  : XSCT server has started successfully.
08:06:37 INFO  : Successfully done setting XSCT server connection channel  
08:06:40 INFO  : Successfully done setting SDK workspace  
08:06:40 INFO  : Processing command line option -hwspec C:/Users/53430/Desktop/lab3b/project_lab3c/project_lab3c.sdk/design_1_wrapper.hdf.
08:06:40 INFO  : Checking for hwspec changes in the project design_1_wrapper_hw_platform_1.
08:06:46 INFO  : SDK has detected change in the last modified timestamps for source hardware specification file Source:1510099480022,  Project:1509991591216
08:06:46 INFO  : The hardware specification for project 'design_1_wrapper_hw_platform_1' is different from C:/Users/53430/Desktop/lab3b/project_lab3c/project_lab3c.sdk/design_1_wrapper.hdf.
08:06:46 INFO  : Copied contents of C:/Users/53430/Desktop/lab3b/project_lab3c/project_lab3c.sdk/design_1_wrapper.hdf into \design_1_wrapper_hw_platform_1\system.hdf.
08:06:50 INFO  : Synchronizing projects in the workspace with the hardware platform specification changes.
08:06:50 INFO  : Clearing existing target manager status.
08:06:54 INFO  : Workspace synchronized with the new hardware specification file. Cleaning dependent projects...
08:06:54 WARN  : Linker script will not be updated automatically. Users need to update it manually.
08:07:25 INFO  : Connected to target on host '127.0.0.1' and port '3121'.
08:12:34 INFO  : Connected to target on host '127.0.0.1' and port '3121'.
08:12:39 INFO  : 'targets -set -filter {jtag_cable_name =~ "Digilent Zed 210248650436" && level==0} -index 1' command is executed.
08:12:42 INFO  : FPGA configured successfully with bitstream "C:/Users/53430/Desktop/lab3b/project_lab3c/project_lab3c.sdk/design_1_wrapper_hw_platform_1/design_1_wrapper.bit"
08:12:58 INFO  : ps7_init is completed.
08:12:58 INFO  : ps7_post_config is completed.
08:13:00 INFO  : Processor reset is completed for ps7_cortexa9_0
08:31:45 ERROR : Unexpected error while parsing XMD response ?: com.google.gson.JsonSyntaxException: com.google.gson.stream.MalformedJsonException: invalid number or unquoted string near 
08:33:22 INFO  : Registering command handlers for SDK TCF services
08:33:22 INFO  : Launching XSCT server: xsct.bat -interactive C:\Users\53430\Desktop\lab3b\project_lab3c\project_lab3c.sdk\temp_xsdb_launch_script.tcl
08:33:24 INFO  : XSCT server has started successfully.
08:33:25 INFO  : Successfully done setting XSCT server connection channel  
08:33:25 INFO  : Successfully done setting SDK workspace  
08:33:25 INFO  : Processing command line option -hwspec C:/Users/53430/Desktop/lab3b/project_lab3c/project_lab3c.sdk/design_1_wrapper.hdf.
08:33:25 INFO  : Checking for hwspec changes in the project design_1_wrapper_hw_platform_1.
08:33:29 INFO  : SDK has detected change in the last modified timestamps for source hardware specification file Source:1510101134818,  Project:1510099480022
08:33:29 INFO  : The hardware specification for project 'design_1_wrapper_hw_platform_1' is different from C:/Users/53430/Desktop/lab3b/project_lab3c/project_lab3c.sdk/design_1_wrapper.hdf.
08:33:29 INFO  : Copied contents of C:/Users/53430/Desktop/lab3b/project_lab3c/project_lab3c.sdk/design_1_wrapper.hdf into \design_1_wrapper_hw_platform_1\system.hdf.
08:33:33 INFO  : Synchronizing projects in the workspace with the hardware platform specification changes.
08:33:33 INFO  : Clearing existing target manager status.
08:33:35 INFO  : Workspace synchronized with the new hardware specification file. Cleaning dependent projects...
08:33:35 WARN  : Linker script will not be updated automatically. Users need to update it manually.
08:33:49 INFO  : Connected to target on host '127.0.0.1' and port '3121'.
08:33:55 INFO  : 'targets -set -filter {jtag_cable_name =~ "Digilent Zed 210248650436" && level==0} -index 1' command is executed.
08:33:58 INFO  : FPGA configured successfully with bitstream "C:/Users/53430/Desktop/lab3b/project_lab3c/project_lab3c.sdk/design_1_wrapper_hw_platform_1/design_1_wrapper.bit"
08:34:11 ERROR : Unexpected error while launching program.
java.lang.RuntimeException: Error in Resetting Target

    Could not stop the processor after reset


	at com.xilinx.sdk.targetmanager.internal.TM.doProcessorReset(TM.java:1011)
	at com.xilinx.sdk.debug.core.XilinxAppLaunchConfigurationDelegate.runTargetSetup(XilinxAppLaunchConfigurationDelegate.java:534)
	at com.xilinx.sdk.debug.core.XilinxAppLaunchConfigurationDelegate.runApplication(XilinxAppLaunchConfigurationDelegate.java:616)
	at com.xilinx.sdk.debug.core.XilinxAppLaunchConfigurationDelegate.launch(XilinxAppLaunchConfigurationDelegate.java:309)
	at com.xilinx.sdk.debug.ui.XilinxAppLaunchDelegateWrapper.launch(XilinxAppLaunchDelegateWrapper.java:31)
	at org.eclipse.debug.internal.core.LaunchConfiguration.launch(LaunchConfiguration.java:885)
	at org.eclipse.debug.internal.core.LaunchConfiguration.launch(LaunchConfiguration.java:739)
	at org.eclipse.debug.internal.ui.DebugUIPlugin.buildAndLaunch(DebugUIPlugin.java:1039)
	at org.eclipse.debug.internal.ui.DebugUIPlugin$8.run(DebugUIPlugin.java:1256)
	at org.eclipse.core.internal.jobs.Worker.run(Worker.java:55)
08:34:32 INFO  : Connected to target on host '127.0.0.1' and port '3121'.
08:34:33 INFO  : 'targets -set -filter {jtag_cable_name =~ "Digilent Zed 210248650436" && level==0} -index 1' command is executed.
08:34:36 INFO  : FPGA configured successfully with bitstream "C:/Users/53430/Desktop/lab3b/project_lab3c/project_lab3c.sdk/design_1_wrapper_hw_platform_1/design_1_wrapper.bit"
08:34:45 INFO  : ps7_init is completed.
08:34:45 INFO  : ps7_post_config is completed.
08:34:46 INFO  : Processor reset is completed for ps7_cortexa9_0
10:58:17 ERROR : Unexpected error while parsing XMD response ?: com.google.gson.JsonSyntaxException: com.google.gson.stream.MalformedJsonException: invalid number or unquoted string near 
11:07:35 INFO  : Registering command handlers for SDK TCF services
11:07:35 INFO  : Launching XSCT server: xsct.bat -interactive C:\Users\53430\Desktop\lab3b\project_lab3c\project_lab3c.sdk\temp_xsdb_launch_script.tcl
11:07:37 INFO  : XSCT server has started successfully.
11:07:37 INFO  : Successfully done setting XSCT server connection channel  
11:07:37 INFO  : Successfully done setting SDK workspace  
11:07:37 INFO  : Processing command line option -hwspec C:/Users/53430/Desktop/lab3b/project_lab3c/project_lab3c.sdk/design_1_wrapper.hdf.
11:07:37 INFO  : Checking for hwspec changes in the project design_1_wrapper_hw_platform_1.
11:07:41 INFO  : SDK has detected change in the last modified timestamps for source hardware specification file Source:1510110406863,  Project:1510101134818
11:07:41 INFO  : The hardware specification for project 'design_1_wrapper_hw_platform_1' is different from C:/Users/53430/Desktop/lab3b/project_lab3c/project_lab3c.sdk/design_1_wrapper.hdf.
11:07:41 INFO  : Copied contents of C:/Users/53430/Desktop/lab3b/project_lab3c/project_lab3c.sdk/design_1_wrapper.hdf into \design_1_wrapper_hw_platform_1\system.hdf.
11:07:45 INFO  : Synchronizing projects in the workspace with the hardware platform specification changes.
11:07:45 INFO  : Clearing existing target manager status.
11:07:48 INFO  : Workspace synchronized with the new hardware specification file. Cleaning dependent projects...
11:07:48 WARN  : Linker script will not be updated automatically. Users need to update it manually.
11:11:37 INFO  : Connected to target on host '127.0.0.1' and port '3121'.
11:11:43 INFO  : 'targets -set -filter {jtag_cable_name =~ "Digilent Zed 210248650436" && level==0} -index 1' command is executed.
11:11:46 INFO  : FPGA configured successfully with bitstream "C:/Users/53430/Desktop/lab3b/project_lab3c/project_lab3c.sdk/design_1_wrapper_hw_platform_1/design_1_wrapper.bit"
11:12:06 ERROR : Unexpected error while launching program.
java.lang.RuntimeException: Error in Resetting Target

    Could not stop the processor after reset


	at com.xilinx.sdk.targetmanager.internal.TM.doProcessorReset(TM.java:1011)
	at com.xilinx.sdk.debug.core.XilinxAppLaunchConfigurationDelegate.runTargetSetup(XilinxAppLaunchConfigurationDelegate.java:534)
	at com.xilinx.sdk.debug.core.XilinxAppLaunchConfigurationDelegate.runApplication(XilinxAppLaunchConfigurationDelegate.java:616)
	at com.xilinx.sdk.debug.core.XilinxAppLaunchConfigurationDelegate.launch(XilinxAppLaunchConfigurationDelegate.java:309)
	at com.xilinx.sdk.debug.ui.XilinxAppLaunchDelegateWrapper.launch(XilinxAppLaunchDelegateWrapper.java:31)
	at org.eclipse.debug.internal.core.LaunchConfiguration.launch(LaunchConfiguration.java:885)
	at org.eclipse.debug.internal.core.LaunchConfiguration.launch(LaunchConfiguration.java:739)
	at org.eclipse.debug.internal.ui.DebugUIPlugin.buildAndLaunch(DebugUIPlugin.java:1039)
	at org.eclipse.debug.internal.ui.DebugUIPlugin$8.run(DebugUIPlugin.java:1256)
	at org.eclipse.core.internal.jobs.Worker.run(Worker.java:55)
11:12:14 ERROR : Unexpected error while launching program.
java.lang.RuntimeException: Error in Resetting Target

    Could not stop the processor after reset


	at com.xilinx.sdk.targetmanager.internal.TM.doProcessorReset(TM.java:1011)
	at com.xilinx.sdk.debug.core.XilinxAppLaunchConfigurationDelegate.runTargetSetup(XilinxAppLaunchConfigurationDelegate.java:534)
	at com.xilinx.sdk.debug.core.XilinxAppLaunchConfigurationDelegate.runApplication(XilinxAppLaunchConfigurationDelegate.java:616)
	at com.xilinx.sdk.debug.core.XilinxAppLaunchConfigurationDelegate.launch(XilinxAppLaunchConfigurationDelegate.java:309)
	at com.xilinx.sdk.debug.ui.XilinxAppLaunchDelegateWrapper.launch(XilinxAppLaunchDelegateWrapper.java:31)
	at org.eclipse.debug.internal.core.LaunchConfiguration.launch(LaunchConfiguration.java:885)
	at org.eclipse.debug.internal.core.LaunchConfiguration.launch(LaunchConfiguration.java:739)
	at org.eclipse.debug.internal.ui.DebugUIPlugin.buildAndLaunch(DebugUIPlugin.java:1039)
	at org.eclipse.debug.internal.ui.DebugUIPlugin$8.run(DebugUIPlugin.java:1256)
	at org.eclipse.core.internal.jobs.Worker.run(Worker.java:55)
11:12:27 ERROR : Unexpected error while launching program.
java.lang.RuntimeException: Error while running ps7_init method.
Cannot Read from target


    Cannot flush JTAG buffers
    Error Address = 0xf8007080, Size = 0x00000004


	at com.xilinx.sdk.targetmanager.internal.TM.run_ps7_init(TM.java:1089)
	at com.xilinx.sdk.debug.core.XilinxAppLaunchConfigurationDelegate.runTargetSetup(XilinxAppLaunchConfigurationDelegate.java:514)
	at com.xilinx.sdk.debug.core.XilinxAppLaunchConfigurationDelegate.runApplication(XilinxAppLaunchConfigurationDelegate.java:616)
	at com.xilinx.sdk.debug.core.XilinxAppLaunchConfigurationDelegate.launch(XilinxAppLaunchConfigurationDelegate.java:309)
	at com.xilinx.sdk.debug.ui.XilinxAppLaunchDelegateWrapper.launch(XilinxAppLaunchDelegateWrapper.java:31)
	at org.eclipse.debug.internal.core.LaunchConfiguration.launch(LaunchConfiguration.java:885)
	at org.eclipse.debug.internal.core.LaunchConfiguration.launch(LaunchConfiguration.java:739)
	at org.eclipse.debug.internal.ui.DebugUIPlugin.buildAndLaunch(DebugUIPlugin.java:1039)
	at org.eclipse.debug.internal.ui.DebugUIPlugin$8.run(DebugUIPlugin.java:1256)
	at org.eclipse.core.internal.jobs.Worker.run(Worker.java:55)
11:12:33 INFO  : Connected to target on host '127.0.0.1' and port '3121'.
11:12:40 INFO  : Connected to target on host '127.0.0.1' and port '3121'.
11:12:40 INFO  : 'targets -set -filter {jtag_cable_name =~ "Digilent Zed 210248650436" && level==0} -index 1' command is executed.
11:12:43 INFO  : FPGA configured successfully with bitstream "C:/Users/53430/Desktop/lab3b/project_lab3c/project_lab3c.sdk/design_1_wrapper_hw_platform_1/design_1_wrapper.bit"
11:12:50 INFO  : ps7_init is completed.
11:12:50 INFO  : ps7_post_config is completed.
11:12:52 INFO  : Processor reset is completed for ps7_cortexa9_0
11:18:33 INFO  : ps7_cortexa9_0 Processor is in use. Please stop existing Run or Debug sessions before launching.
11:18:39 ERROR : Unexpected error while launching program.
java.lang.RuntimeException: Error in Resetting Target

    Could not stop the processor after reset


	at com.xilinx.sdk.targetmanager.internal.TM.doProcessorReset(TM.java:1011)
	at com.xilinx.sdk.debug.core.XilinxAppLaunchConfigurationDelegate.runTargetSetup(XilinxAppLaunchConfigurationDelegate.java:534)
	at com.xilinx.sdk.debug.core.XilinxAppLaunchConfigurationDelegate.runApplication(XilinxAppLaunchConfigurationDelegate.java:616)
	at com.xilinx.sdk.debug.core.XilinxAppLaunchConfigurationDelegate.launch(XilinxAppLaunchConfigurationDelegate.java:309)
	at com.xilinx.sdk.debug.ui.XilinxAppLaunchDelegateWrapper.launch(XilinxAppLaunchDelegateWrapper.java:31)
	at org.eclipse.debug.internal.core.LaunchConfiguration.launch(LaunchConfiguration.java:885)
	at org.eclipse.debug.internal.core.LaunchConfiguration.launch(LaunchConfiguration.java:739)
	at org.eclipse.debug.internal.ui.DebugUIPlugin.buildAndLaunch(DebugUIPlugin.java:1039)
	at org.eclipse.debug.internal.ui.DebugUIPlugin$8.run(DebugUIPlugin.java:1256)
	at org.eclipse.core.internal.jobs.Worker.run(Worker.java:55)
11:18:46 ERROR : Checking FPGA configuration failed..Connection to Board Failed


    Unknown Error Occured
    Cable is not powered-on

11:18:46 ERROR : Unexpected error while launching program.
com.xilinx.sdk.targetmanager.TMException: Connection to Board Failed


    Unknown Error Occured
    Cable is not powered-on

	at com.xilinx.sdk.targetmanager.internal.TM.isFPGAConfigured(TM.java:374)
	at com.xilinx.sdk.debug.core.XilinxAppLaunchConfigurationDelegate.isFpgaConfigured(XilinxAppLaunchConfigurationDelegate.java:409)
	at com.xilinx.sdk.debug.core.XilinxAppLaunchConfigurationDelegate.launch(XilinxAppLaunchConfigurationDelegate.java:303)
	at com.xilinx.sdk.debug.ui.XilinxAppLaunchDelegateWrapper.launch(XilinxAppLaunchDelegateWrapper.java:31)
	at org.eclipse.debug.internal.core.LaunchConfiguration.launch(LaunchConfiguration.java:885)
	at org.eclipse.debug.internal.core.LaunchConfiguration.launch(LaunchConfiguration.java:739)
	at org.eclipse.debug.internal.ui.DebugUIPlugin.buildAndLaunch(DebugUIPlugin.java:1039)
	at org.eclipse.debug.internal.ui.DebugUIPlugin$8.run(DebugUIPlugin.java:1256)
	at org.eclipse.core.internal.jobs.Worker.run(Worker.java:55)
11:18:51 INFO  : Connected to target on host '127.0.0.1' and port '3121'.
11:18:54 INFO  : 'targets -set -filter {jtag_cable_name =~ "Digilent Zed 210248650436" && level==0} -index 1' command is executed.
11:18:56 INFO  : FPGA configured successfully with bitstream "C:/Users/53430/Desktop/lab3b/project_lab3c/project_lab3c.sdk/design_1_wrapper_hw_platform_1/design_1_wrapper.bit"
11:19:02 INFO  : ps7_init is completed.
11:19:02 INFO  : ps7_post_config is completed.
11:19:02 INFO  : Processor reset is completed for ps7_cortexa9_0
11:19:29 INFO  : ps7_cortexa9_0 Processor is in use. Please stop existing Run or Debug sessions before launching.
11:19:34 INFO  : Processor reset is completed for ps7_cortexa9_0
11:20:48 INFO  : ps7_cortexa9_0 Processor is in use. Please stop existing Run or Debug sessions before launching.
11:21:03 ERROR : Unexpected error while launching program.
java.lang.RuntimeException: Error in Resetting Target

    Could not stop the processor after reset


	at com.xilinx.sdk.targetmanager.internal.TM.doProcessorReset(TM.java:1011)
	at com.xilinx.sdk.debug.core.XilinxAppLaunchConfigurationDelegate.runTargetSetup(XilinxAppLaunchConfigurationDelegate.java:534)
	at com.xilinx.sdk.debug.core.XilinxAppLaunchConfigurationDelegate.runApplication(XilinxAppLaunchConfigurationDelegate.java:616)
	at com.xilinx.sdk.debug.core.XilinxAppLaunchConfigurationDelegate.launch(XilinxAppLaunchConfigurationDelegate.java:309)
	at com.xilinx.sdk.debug.ui.XilinxAppLaunchDelegateWrapper.launch(XilinxAppLaunchDelegateWrapper.java:31)
	at org.eclipse.debug.internal.core.LaunchConfiguration.launch(LaunchConfiguration.java:885)
	at org.eclipse.debug.internal.core.LaunchConfiguration.launch(LaunchConfiguration.java:739)
	at org.eclipse.debug.internal.ui.DebugUIPlugin.buildAndLaunch(DebugUIPlugin.java:1039)
	at org.eclipse.debug.internal.ui.DebugUIPlugin$8.run(DebugUIPlugin.java:1256)
	at org.eclipse.core.internal.jobs.Worker.run(Worker.java:55)
11:21:11 INFO  : Connected to target on host '127.0.0.1' and port '3121'.
11:21:18 INFO  : Connected to target on host '127.0.0.1' and port '3121'.
11:21:18 INFO  : 'targets -set -filter {jtag_cable_name =~ "Digilent Zed 210248650436" && level==0} -index 1' command is executed.
11:21:21 INFO  : FPGA configured successfully with bitstream "C:/Users/53430/Desktop/lab3b/project_lab3c/project_lab3c.sdk/design_1_wrapper_hw_platform_1/design_1_wrapper.bit"
11:21:26 INFO  : ps7_init is completed.
11:21:26 INFO  : ps7_post_config is completed.
11:21:27 INFO  : Processor reset is completed for ps7_cortexa9_0
11:22:26 INFO  : ps7_cortexa9_0 Processor is in use. Please stop existing Run or Debug sessions before launching.
11:22:32 ERROR : Unexpected error while launching program.
java.lang.RuntimeException: Error in Resetting Target

    Could not stop the processor after reset


	at com.xilinx.sdk.targetmanager.internal.TM.doProcessorReset(TM.java:1011)
	at com.xilinx.sdk.debug.core.XilinxAppLaunchConfigurationDelegate.runTargetSetup(XilinxAppLaunchConfigurationDelegate.java:534)
	at com.xilinx.sdk.debug.core.XilinxAppLaunchConfigurationDelegate.runApplication(XilinxAppLaunchConfigurationDelegate.java:616)
	at com.xilinx.sdk.debug.core.XilinxAppLaunchConfigurationDelegate.launch(XilinxAppLaunchConfigurationDelegate.java:309)
	at com.xilinx.sdk.debug.ui.XilinxAppLaunchDelegateWrapper.launch(XilinxAppLaunchDelegateWrapper.java:31)
	at org.eclipse.debug.internal.core.LaunchConfiguration.launch(LaunchConfiguration.java:885)
	at org.eclipse.debug.internal.core.LaunchConfiguration.launch(LaunchConfiguration.java:739)
	at org.eclipse.debug.internal.ui.DebugUIPlugin.buildAndLaunch(DebugUIPlugin.java:1039)
	at org.eclipse.debug.internal.ui.DebugUIPlugin$8.run(DebugUIPlugin.java:1256)
	at org.eclipse.core.internal.jobs.Worker.run(Worker.java:55)
11:22:46 INFO  : Connected to target on host '127.0.0.1' and port '3121'.
11:22:46 INFO  : 'targets -set -filter {jtag_cable_name =~ "Digilent Zed 210248650436" && level==0} -index 1' command is executed.
11:22:51 INFO  : FPGA configured successfully with bitstream "C:/Users/53430/Desktop/lab3b/project_lab3c/project_lab3c.sdk/design_1_wrapper_hw_platform_1/design_1_wrapper.bit"
11:22:59 INFO  : ps7_init is completed.
11:22:59 INFO  : ps7_post_config is completed.
11:23:00 INFO  : Processor reset is completed for ps7_cortexa9_0
11:26:39 INFO  : ps7_cortexa9_0 Processor is in use. Please stop existing Run or Debug sessions before launching.
11:26:45 ERROR : Unexpected error while launching program.
java.lang.RuntimeException: Unable to Stop Processor. System could be in unknown state.
                     Please reset the system
Unknown Error Occured
    

	at com.xilinx.sdk.targetmanager.internal.TM.stop(TM.java:773)
	at com.xilinx.sdk.targetmanager.internal.CPURunSession.terminate(CPURunSession.java:27)
	at com.xilinx.sdk.targetmanager.internal.TM.terminateCurrentLaunch(TM.java:821)
	at com.xilinx.sdk.debug.core.XilinxAppLaunchConfigurationDelegate.runApplication(XilinxAppLaunchConfigurationDelegate.java:596)
	at com.xilinx.sdk.debug.core.XilinxAppLaunchConfigurationDelegate.launch(XilinxAppLaunchConfigurationDelegate.java:309)
	at com.xilinx.sdk.debug.ui.XilinxAppLaunchDelegateWrapper.launch(XilinxAppLaunchDelegateWrapper.java:31)
	at org.eclipse.debug.internal.core.LaunchConfiguration.launch(LaunchConfiguration.java:885)
	at org.eclipse.debug.internal.core.LaunchConfiguration.launch(LaunchConfiguration.java:739)
	at org.eclipse.debug.internal.ui.DebugUIPlugin.buildAndLaunch(DebugUIPlugin.java:1039)
	at org.eclipse.debug.internal.ui.DebugUIPlugin$8.run(DebugUIPlugin.java:1256)
	at org.eclipse.core.internal.jobs.Worker.run(Worker.java:55)
11:26:54 INFO  : Connected to target on host '127.0.0.1' and port '3121'.
11:26:54 INFO  : 'targets -set -filter {jtag_cable_name =~ "Digilent Zed 210248650436" && level==0} -index 1' command is executed.
11:26:57 INFO  : FPGA configured successfully with bitstream "C:/Users/53430/Desktop/lab3b/project_lab3c/project_lab3c.sdk/design_1_wrapper_hw_platform_1/design_1_wrapper.bit"
11:27:03 INFO  : ps7_init is completed.
11:27:03 INFO  : ps7_post_config is completed.
11:27:04 INFO  : Processor reset is completed for ps7_cortexa9_0
14:47:31 INFO  : Connected to target on host '127.0.0.1' and port '3121'.
14:47:39 INFO  : Connected to target on host '127.0.0.1' and port '3121'.
14:47:39 INFO  : 'targets -set -filter {jtag_cable_name =~ "Digilent Zed 210248650436" && level==0} -index 1' command is executed.
14:47:42 INFO  : FPGA configured successfully with bitstream "C:/Users/53430/Desktop/lab3b/project_lab3c/project_lab3c.sdk/design_1_wrapper_hw_platform_1/design_1_wrapper.bit"
14:47:53 INFO  : ps7_init is completed.
14:47:53 INFO  : ps7_post_config is completed.
14:47:53 INFO  : Processor reset is completed for ps7_cortexa9_0
14:48:09 INFO  : Processor reset is completed for ps7_cortexa9_0
14:49:02 INFO  : ps7_cortexa9_0 Processor is in use. Please stop existing Run or Debug sessions before launching.
14:49:05 INFO  : Processor reset is completed for ps7_cortexa9_0
14:49:21 INFO  : ps7_cortexa9_0 Processor is in use. Please stop existing Run or Debug sessions before launching.
14:49:23 INFO  : Processor reset is completed for ps7_cortexa9_0
14:49:36 INFO  : Connected to target on host '127.0.0.1' and port '3121'.
14:49:37 INFO  : 'targets -set -filter {jtag_cable_name =~ "Digilent Zed 210248650436" && level==0} -index 1' command is executed.
14:49:40 INFO  : FPGA configured successfully with bitstream "C:/Users/53430/Desktop/lab3b/project_lab3c/project_lab3c.sdk/design_1_wrapper_hw_platform_1/design_1_wrapper.bit"
14:49:46 INFO  : ps7_init is completed.
14:49:46 INFO  : ps7_post_config is completed.
14:49:48 INFO  : Processor reset is completed for ps7_cortexa9_0
14:51:49 INFO  : ps7_cortexa9_0 Processor is in use. Please stop existing Run or Debug sessions before launching.
14:51:53 INFO  : Processor reset is completed for ps7_cortexa9_0
14:52:04 INFO  : Connected to target on host '127.0.0.1' and port '3121'.
14:52:04 INFO  : 'targets -set -filter {jtag_cable_name =~ "Digilent Zed 210248650436" && level==0} -index 1' command is executed.
14:52:07 INFO  : FPGA configured successfully with bitstream "C:/Users/53430/Desktop/lab3b/project_lab3c/project_lab3c.sdk/design_1_wrapper_hw_platform_1/design_1_wrapper.bit"
14:52:13 INFO  : ps7_init is completed.
14:52:13 INFO  : ps7_post_config is completed.
14:52:13 INFO  : Processor reset is completed for ps7_cortexa9_0
14:53:04 INFO  : Connected to target on host '127.0.0.1' and port '3121'.
14:53:07 INFO  : 'targets -set -filter {jtag_cable_name =~ "Digilent Zed 210248650436" && level==0} -index 1' command is executed.
14:53:10 INFO  : FPGA configured successfully with bitstream "C:/Users/53430/Desktop/lab3b/project_lab3c/project_lab3c.sdk/design_1_wrapper_hw_platform_1/design_1_wrapper.bit"
14:53:17 INFO  : ps7_init is completed.
14:53:17 INFO  : ps7_post_config is completed.
14:53:18 INFO  : Processor reset is completed for ps7_cortexa9_0
14:53:42 INFO  : ps7_cortexa9_0 Processor is in use. Please stop existing Run or Debug sessions before launching.
14:53:46 INFO  : Processor reset is completed for ps7_cortexa9_0
14:53:58 INFO  : Connected to target on host '127.0.0.1' and port '3121'.
14:54:05 INFO  : Connected to target on host '127.0.0.1' and port '3121'.
14:54:05 INFO  : 'targets -set -filter {jtag_cable_name =~ "Digilent Zed 210248650436" && level==0} -index 1' command is executed.
14:54:08 INFO  : FPGA configured successfully with bitstream "C:/Users/53430/Desktop/lab3b/project_lab3c/project_lab3c.sdk/design_1_wrapper_hw_platform_1/design_1_wrapper.bit"
14:54:12 INFO  : ps7_init is completed.
14:54:13 INFO  : ps7_post_config is completed.
14:54:13 INFO  : Processor reset is completed for ps7_cortexa9_0
14:54:56 INFO  : ps7_cortexa9_0 Processor is in use. Please stop existing Run or Debug sessions before launching.
14:54:59 INFO  : Processor reset is completed for ps7_cortexa9_0
14:56:24 INFO  : ps7_cortexa9_0 Processor is in use. Please stop existing Run or Debug sessions before launching.
14:56:29 INFO  : Processor reset is completed for ps7_cortexa9_0
14:56:41 INFO  : Connected to target on host '127.0.0.1' and port '3121'.
14:56:47 INFO  : Connected to target on host '127.0.0.1' and port '3121'.
14:56:50 INFO  : 'targets -set -filter {jtag_cable_name =~ "Digilent Zed 210248650436" && level==0} -index 1' command is executed.
14:56:53 INFO  : FPGA configured successfully with bitstream "C:/Users/53430/Desktop/lab3b/project_lab3c/project_lab3c.sdk/design_1_wrapper_hw_platform_1/design_1_wrapper.bit"
14:57:01 INFO  : ps7_init is completed.
14:57:01 INFO  : ps7_post_config is completed.
14:57:02 INFO  : Processor reset is completed for ps7_cortexa9_0
14:58:40 INFO  : Connected to target on host '127.0.0.1' and port '3121'.
14:58:40 INFO  : 'targets -set -filter {jtag_cable_name =~ "Digilent Zed 210248650436" && level==0} -index 1' command is executed.
14:58:43 INFO  : FPGA configured successfully with bitstream "C:/Users/53430/Desktop/lab3b/project_lab3c/project_lab3c.sdk/design_1_wrapper_hw_platform_1/design_1_wrapper.bit"
14:58:47 INFO  : ps7_cortexa9_0 Processor is in use. Please stop existing Run or Debug sessions before launching.
14:58:53 ERROR : Unexpected error while launching program.
java.lang.RuntimeException: Error in Resetting Target

    Could not stop the processor after reset


	at com.xilinx.sdk.targetmanager.internal.TM.doProcessorReset(TM.java:1011)
	at com.xilinx.sdk.debug.core.XilinxAppLaunchConfigurationDelegate.runTargetSetup(XilinxAppLaunchConfigurationDelegate.java:534)
	at com.xilinx.sdk.debug.core.XilinxAppLaunchConfigurationDelegate.runApplication(XilinxAppLaunchConfigurationDelegate.java:616)
	at com.xilinx.sdk.debug.core.XilinxAppLaunchConfigurationDelegate.launch(XilinxAppLaunchConfigurationDelegate.java:309)
	at com.xilinx.sdk.debug.ui.XilinxAppLaunchDelegateWrapper.launch(XilinxAppLaunchDelegateWrapper.java:31)
	at org.eclipse.debug.internal.core.LaunchConfiguration.launch(LaunchConfiguration.java:885)
	at org.eclipse.debug.internal.core.LaunchConfiguration.launch(LaunchConfiguration.java:739)
	at org.eclipse.debug.internal.ui.DebugUIPlugin.buildAndLaunch(DebugUIPlugin.java:1039)
	at org.eclipse.debug.internal.ui.DebugUIPlugin$8.run(DebugUIPlugin.java:1256)
	at org.eclipse.core.internal.jobs.Worker.run(Worker.java:55)
14:59:01 INFO  : Connected to target on host '127.0.0.1' and port '3121'.
14:59:08 INFO  : Connected to target on host '127.0.0.1' and port '3121'.
14:59:08 INFO  : 'targets -set -filter {jtag_cable_name =~ "Digilent Zed 210248650436" && level==0} -index 1' command is executed.
14:59:11 INFO  : FPGA configured successfully with bitstream "C:/Users/53430/Desktop/lab3b/project_lab3c/project_lab3c.sdk/design_1_wrapper_hw_platform_1/design_1_wrapper.bit"
14:59:17 INFO  : ps7_init is completed.
14:59:17 INFO  : ps7_post_config is completed.
14:59:18 INFO  : Processor reset is completed for ps7_cortexa9_0
15:02:04 INFO  : Connected to target on host '127.0.0.1' and port '3121'.
15:02:14 INFO  : Connected to target on host '127.0.0.1' and port '3121'.
15:02:14 INFO  : 'targets -set -filter {jtag_cable_name =~ "Digilent Zed 210248650436" && level==0} -index 1' command is executed.
15:02:17 INFO  : FPGA configured successfully with bitstream "C:/Users/53430/Desktop/lab3b/project_lab3c/project_lab3c.sdk/design_1_wrapper_hw_platform_1/design_1_wrapper.bit"
15:02:30 INFO  : ps7_init is completed.
15:02:31 INFO  : ps7_post_config is completed.
15:02:31 INFO  : Processor reset is completed for ps7_cortexa9_0
15:03:30 INFO  : Connected to target on host '127.0.0.1' and port '3121'.
15:03:31 INFO  : 'targets -set -filter {jtag_cable_name =~ "Digilent Zed 210248650436" && level==0} -index 1' command is executed.
15:03:34 INFO  : FPGA configured successfully with bitstream "C:/Users/53430/Desktop/lab3b/project_lab3c/project_lab3c.sdk/design_1_wrapper_hw_platform_1/design_1_wrapper.bit"
15:03:40 INFO  : ps7_init is completed.
15:03:40 INFO  : ps7_post_config is completed.
15:03:41 INFO  : Processor reset is completed for ps7_cortexa9_0
15:04:42 INFO  : Connected to target on host '127.0.0.1' and port '3121'.
15:04:42 INFO  : 'targets -set -filter {jtag_cable_name =~ "Digilent Zed 210248650436" && level==0} -index 1' command is executed.
15:04:44 INFO  : FPGA configured successfully with bitstream "C:/Users/53430/Desktop/lab3b/project_lab3c/project_lab3c.sdk/design_1_wrapper_hw_platform_1/design_1_wrapper.bit"
15:04:49 INFO  : ps7_init is completed.
15:04:49 INFO  : ps7_post_config is completed.
15:04:50 INFO  : Processor reset is completed for ps7_cortexa9_0
15:05:29 INFO  : Connected to target on host '127.0.0.1' and port '3121'.
15:05:29 INFO  : 'targets -set -filter {jtag_cable_name =~ "Digilent Zed 210248650436" && level==0} -index 1' command is executed.
15:05:32 INFO  : FPGA configured successfully with bitstream "C:/Users/53430/Desktop/lab3b/project_lab3c/project_lab3c.sdk/design_1_wrapper_hw_platform_1/design_1_wrapper.bit"
15:05:41 INFO  : ps7_init is completed.
15:05:41 INFO  : ps7_post_config is completed.
15:05:43 INFO  : Processor reset is completed for ps7_cortexa9_0
15:06:23 INFO  : Connected to target on host '127.0.0.1' and port '3121'.
15:06:24 INFO  : 'targets -set -filter {jtag_cable_name =~ "Digilent Zed 210248650436" && level==0} -index 1' command is executed.
15:06:28 INFO  : FPGA configured successfully with bitstream "C:/Users/53430/Desktop/lab3b/project_lab3c/project_lab3c.sdk/design_1_wrapper_hw_platform_1/design_1_wrapper.bit"
15:06:33 INFO  : ps7_init is completed.
15:06:33 INFO  : ps7_post_config is completed.
15:06:33 INFO  : Processor reset is completed for ps7_cortexa9_0
15:08:48 INFO  : Connected to target on host '127.0.0.1' and port '3121'.
15:08:48 INFO  : 'targets -set -filter {jtag_cable_name =~ "Digilent Zed 210248650436" && level==0} -index 1' command is executed.
15:08:51 INFO  : FPGA configured successfully with bitstream "C:/Users/53430/Desktop/lab3b/project_lab3c/project_lab3c.sdk/design_1_wrapper_hw_platform_1/design_1_wrapper.bit"
15:09:05 INFO  : ps7_init is completed.
15:09:06 INFO  : ps7_post_config is completed.
15:09:06 INFO  : Processor reset is completed for ps7_cortexa9_0
15:10:14 INFO  : Connected to target on host '127.0.0.1' and port '3121'.
15:10:14 INFO  : 'targets -set -filter {jtag_cable_name =~ "Digilent Zed 210248650436" && level==0} -index 1' command is executed.
15:10:18 INFO  : FPGA configured successfully with bitstream "C:/Users/53430/Desktop/lab3b/project_lab3c/project_lab3c.sdk/design_1_wrapper_hw_platform_1/design_1_wrapper.bit"
15:10:27 INFO  : ps7_init is completed.
15:10:27 INFO  : ps7_post_config is completed.
15:10:28 INFO  : Processor reset is completed for ps7_cortexa9_0
15:11:04 INFO  : Connected to target on host '127.0.0.1' and port '3121'.
15:11:05 INFO  : 'targets -set -filter {jtag_cable_name =~ "Digilent Zed 210248650436" && level==0} -index 1' command is executed.
15:11:09 INFO  : FPGA configured successfully with bitstream "C:/Users/53430/Desktop/lab3b/project_lab3c/project_lab3c.sdk/design_1_wrapper_hw_platform_1/design_1_wrapper.bit"
15:11:24 INFO  : ps7_init is completed.
15:11:24 INFO  : ps7_post_config is completed.
15:11:25 INFO  : Processor reset is completed for ps7_cortexa9_0
15:15:52 INFO  : Connected to target on host '127.0.0.1' and port '3121'.
15:15:52 INFO  : 'targets -set -filter {jtag_cable_name =~ "Digilent Zed 210248650436" && level==0} -index 1' command is executed.
15:15:56 INFO  : FPGA configured successfully with bitstream "C:/Users/53430/Desktop/lab3b/project_lab3c/project_lab3c.sdk/design_1_wrapper_hw_platform_1/design_1_wrapper.bit"
15:16:05 INFO  : ps7_init is completed.
15:16:05 INFO  : ps7_post_config is completed.
15:16:06 INFO  : Processor reset is completed for ps7_cortexa9_0
15:22:17 INFO  : Connected to target on host '127.0.0.1' and port '3121'.
15:22:17 INFO  : 'targets -set -filter {jtag_cable_name =~ "Digilent Zed 210248650436" && level==0} -index 1' command is executed.
15:22:21 INFO  : FPGA configured successfully with bitstream "C:/Users/53430/Desktop/lab3b/project_lab3c/project_lab3c.sdk/design_1_wrapper_hw_platform_1/design_1_wrapper.bit"
15:22:27 INFO  : ps7_init is completed.
15:22:27 INFO  : ps7_post_config is completed.
15:22:28 INFO  : Processor reset is completed for ps7_cortexa9_0
15:23:19 INFO  : Connected to target on host '127.0.0.1' and port '3121'.
15:23:27 INFO  : Connected to target on host '127.0.0.1' and port '3121'.
15:23:27 INFO  : 'targets -set -filter {jtag_cable_name =~ "Digilent Zed 210248650436" && level==0} -index 1' command is executed.
15:23:30 INFO  : FPGA configured successfully with bitstream "C:/Users/53430/Desktop/lab3b/project_lab3c/project_lab3c.sdk/design_1_wrapper_hw_platform_1/design_1_wrapper.bit"
15:23:35 INFO  : ps7_init is completed.
15:23:35 INFO  : ps7_post_config is completed.
15:23:36 INFO  : Processor reset is completed for ps7_cortexa9_0
15:25:55 INFO  : Connected to target on host '127.0.0.1' and port '3121'.
15:25:55 INFO  : 'targets -set -filter {jtag_cable_name =~ "Digilent Zed 210248650436" && level==0} -index 1' command is executed.
15:25:59 INFO  : FPGA configured successfully with bitstream "C:/Users/53430/Desktop/lab3b/project_lab3c/project_lab3c.sdk/design_1_wrapper_hw_platform_1/design_1_wrapper.bit"
15:26:46 INFO  : Connected to target on host '127.0.0.1' and port '3121'.
15:26:46 INFO  : 'targets -set -filter {jtag_cable_name =~ "Digilent Zed 210248650436" && level==0} -index 1' command is executed.
15:26:49 INFO  : FPGA configured successfully with bitstream "C:/Users/53430/Desktop/lab3b/project_lab3c/project_lab3c.sdk/design_1_wrapper_hw_platform_1/design_1_wrapper.bit"
15:26:55 INFO  : ps7_init is completed.
15:26:55 INFO  : ps7_post_config is completed.
15:26:56 INFO  : Processor reset is completed for ps7_cortexa9_0
15:30:24 INFO  : Connected to target on host '127.0.0.1' and port '3121'.
15:30:24 INFO  : 'targets -set -filter {jtag_cable_name =~ "Digilent Zed 210248650436" && level==0} -index 1' command is executed.
15:30:27 INFO  : FPGA configured successfully with bitstream "C:/Users/53430/Desktop/lab3b/project_lab3c/project_lab3c.sdk/design_1_wrapper_hw_platform_1/design_1_wrapper.bit"
15:30:34 INFO  : ps7_init is completed.
15:30:34 INFO  : ps7_post_config is completed.
15:30:34 INFO  : Processor reset is completed for ps7_cortexa9_0
18:36:08 INFO  : Connected to target on host '127.0.0.1' and port '3121'.
18:36:38 INFO  : Connected to target on host '127.0.0.1' and port '3121'.
18:38:01 INFO  : Connected to target on host '127.0.0.1' and port '3121'.
18:38:01 INFO  : 'targets -set -filter {jtag_cable_name =~ "Digilent Zed 210248650436" && level==0} -index 1' command is executed.
18:38:04 INFO  : FPGA configured successfully with bitstream "C:/Users/53430/Desktop/lab3b/project_lab3c/project_lab3c.sdk/design_1_wrapper_hw_platform_1/design_1_wrapper.bit"
18:38:14 INFO  : ps7_init is completed.
18:38:14 INFO  : ps7_post_config is completed.
18:38:15 INFO  : Processor reset is completed for ps7_cortexa9_0
18:40:00 ERROR : Unexpected error while parsing XMD response ?: com.google.gson.JsonSyntaxException: com.google.gson.stream.MalformedJsonException: invalid number or unquoted string near 
