#
# A fatal error has been detected by the Java Runtime Environment:
#
#  Internal Error (0xc000000d), pid=6724, tid=18048
#
# JRE version: Java(TM) SE Runtime Environment (8.0_66-b18) (build 1.8.0_66-b18)
# Java VM: Java HotSpot(TM) 64-Bit Server VM (25.66-b18 mixed mode windows-amd64 compressed oops)
# Problematic frame:
# C  [ntdll.dll+0x105a50]
#
# Failed to write core dump. Minidumps are not enabled by default on client versions of Windows
#
# If you would like to submit a bug report, please visit:
#   http://bugreport.java.com/bugreport/crash.jsp
#

---------------  T H R E A D  ---------------

Current thread (0x0000000014339800):  VMThread [stack: 0x0000000016010000,0x0000000016110000] [id=18048]

siginfo: ExceptionCode=0xc000000d

Registers:
RAX=0x00007418a14f7f58, RBX=0xfffffffffffffffe, RCX=0x0000000000000000, RDX=0x0000000000000000
RSP=0x000000001610f270, RBP=0x00007ffb15d97408, RSI=0x0000000000000000, RDI=0x000000000000112c
R8 =0x00007ffb6723f236, R9 =0x00000000c0150008, R10=0x0000000000000000, R11=0x0000000000000000
R12=0x000000002c107940, R13=0x0000000017bcb340, R14=0x000000002c107a48, R15=0x000000001610f3e8
RIP=0x00007ffb67325a50, EFLAGS=0x0000000000000206

Top of Stack: (sp=0x000000001610f270)
0x000000001610f270:   0000000000000057 fffffffffffffffe
0x000000001610f280:   0000000000000000 000000000000112c
0x000000001610f290:   00000000c000000d 0000000000000000
0x000000001610f2a0:   00007ffb67325a50 0000000000000000
0x000000001610f2b0:   0000000000000000 0000000000000000
0x000000001610f2c0:   0000000000000000 0000000000000000
0x000000001610f2d0:   0000000000000000 0000000000000000
0x000000001610f2e0:   0000000000000000 0000000000000000
0x000000001610f2f0:   0000000000000000 0000000000000000
0x000000001610f300:   0000000000000000 0000000000000000
0x000000001610f310:   0000000000000000 0000000000000000
0x000000001610f320:   0000000000000000 0000000067360101
0x000000001610f330:   00007418a14f66e8 0000000000000570
0x000000001610f340:   0000000000000000 00007ffb672dc829
0x000000001610f350:   000000000468010b 0000000000000000
0x000000001610f360:   000000010000037f 0000000000000080 

Instructions: (pc=0x00007ffb67325a50)
0x00007ffb67325a30:   64 fa ff c7 44 24 20 0d 00 00 c0 b9 57 00 00 00
0x00007ffb67325a40:   e8 eb 4b f5 ff 90 48 8d 4c 24 20 e8 f0 fa f0 ff
0x00007ffb67325a50:   eb 00 48 8b 8c 24 c0 00 00 00 48 33 cc e8 1e 05
0x00007ffb67325a60:   f9 ff 48 81 c4 d8 00 00 00 c3 40 55 48 83 ec 20 


Register to memory mapping:

RAX=0x00007418a14f7f58 is an unknown value
RBX=0xfffffffffffffffe is an unknown value
RCX=0x0000000000000000 is an unknown value
RDX=0x0000000000000000 is an unknown value
RSP=0x000000001610f270 is an unknown value
RBP=0x00007ffb15d97408 is an unknown value
RSI=0x0000000000000000 is an unknown value
RDI=0x000000000000112c is an unknown value
R8 =0x00007ffb6723f236 is an unknown value
R9 =0x00000000c0150008 is an unknown value
R10=0x0000000000000000 is an unknown value
R11=0x0000000000000000 is an unknown value
R12=0x000000002c107940 is an unknown value
R13=0x0000000017bcb340 is an unknown value
R14=0x000000002c107a48 is an unknown value
R15=0x000000001610f3e8 is an unknown value


Stack: [0x0000000016010000,0x0000000016110000],  sp=0x000000001610f270,  free space=1020k
Native frames: (J=compiled Java code, j=interpreted, Vv=VM code, C=native code)
C  [ntdll.dll+0x105a50]
C  [ntdll.dll+0xbc829]
C  [KERNEL32.DLL+0x1e6fa]
C  [MSVCR110.dll+0x752d]
C  [MSVCR110.dll+0x73c6]
C  [MSVCR110.dll+0x14cca]
C  [MSVCR110.dll+0x13edc]
C  [MSVCR110.dll+0x239e]
C  [MSVCR110.dll+0xaf9e]
C  [MSVCP110.dll+0x397b9]
C  [librdi_common.dll+0x183a66]
C  [librdi_common.dll+0x1826fb]
C  0x00007ffb59b12400
C  0x00007ffb59b12682
C  [ntdll.dll+0x2485f]
C  [ntdll.dll+0x4d43c]
C  [ntdll.dll+0x4d2f4]
C  [KERNEL32.DLL+0x1c0da]
C  [MSVCR100.dll+0x20ccd]
V  [jvm.dll+0x210cc5]
V  [jvm.dll+0x249897]
V  [jvm.dll+0x248b36]
V  [jvm.dll+0x248fd1]
V  [jvm.dll+0x2491ee]
V  [jvm.dll+0x29a0fa]
C  [MSVCR100.dll+0x21d9f]
C  [MSVCR100.dll+0x21e3b]
C  [KERNEL32.DLL+0x12774]
C  [ntdll.dll+0x70d51]

VM_Operation (0x000000000014f4c0): Exit, mode: safepoint, requested by thread 0x000000000282e800


---------------  P R O C E S S  ---------------

Java Threads: ( => current thread )
  0x000000001748d000 JavaThread "pool-2-thread-1" [_thread_blocked, id=14692, stack(0x0000000031ee0000,0x0000000031fe0000)]
  0x000000001748b800 JavaThread "Thread-51" [_thread_in_native, id=14204, stack(0x0000000031de0000,0x0000000031ee0000)]
  0x0000000017491800 JavaThread "Thread-27" daemon [_thread_blocked, id=18424, stack(0x000000002e3e0000,0x000000002e4e0000)]
  0x0000000017487000 JavaThread "TCF Channel Transmitter" daemon [_thread_blocked, id=15320, stack(0x000000002cfe0000,0x000000002d0e0000)]
  0x0000000017489800 JavaThread "TCF Channel Receiver" daemon [_thread_in_native, id=916, stack(0x000000002cee0000,0x000000002cfe0000)]
  0x00000000172eb000 JavaThread "Process monitor" daemon [_thread_in_native, id=14448, stack(0x000000002c510000,0x000000002c610000)]
  0x00000000193d9000 JavaThread "Input Stream Monitor" daemon [_thread_blocked, id=11728, stack(0x000000002c410000,0x000000002c510000)]
  0x00000000193d8800 JavaThread "Output Stream Monitor" daemon [_thread_in_native, id=12744, stack(0x000000002c310000,0x000000002c410000)]
  0x00000000193da000 JavaThread "Output Stream Monitor" daemon [_thread_in_native, id=12752, stack(0x000000002c210000,0x000000002c310000)]
  0x00000000193d7000 JavaThread "TCF Locator DNS Lookup" daemon [_thread_blocked, id=17964, stack(0x0000000029b90000,0x0000000029c90000)]
  0x00000000193da800 JavaThread "TCF Locator Timer" daemon [_thread_blocked, id=5352, stack(0x0000000029a90000,0x0000000029b90000)]
  0x00000000193cf800 JavaThread "TCF Locator Receiver" daemon [_thread_in_native, id=8536, stack(0x0000000029990000,0x0000000029a90000)]
  0x00000000193ce800 JavaThread "TCF Timer Dispatcher" daemon [_thread_blocked, id=13032, stack(0x0000000029790000,0x0000000029890000)]
  0x00000000172ed000 JavaThread "EMF Reference Cleaner" daemon [_thread_blocked, id=17856, stack(0x000000001fb40000,0x000000001fc40000)]
  0x0000000016435800 JavaThread "Service Thread" daemon [_thread_blocked, id=18320, stack(0x0000000016d10000,0x0000000016e10000)]
  0x00000000163a8000 JavaThread "C1 CompilerThread3" daemon [_thread_blocked, id=13188, stack(0x0000000016c10000,0x0000000016d10000)]
  0x000000001639c000 JavaThread "C2 CompilerThread2" daemon [_thread_blocked, id=15864, stack(0x0000000016b10000,0x0000000016c10000)]
  0x000000001639a000 JavaThread "C2 CompilerThread1" daemon [_thread_blocked, id=7460, stack(0x0000000016a10000,0x0000000016b10000)]
  0x0000000016396000 JavaThread "C2 CompilerThread0" daemon [_thread_blocked, id=7000, stack(0x0000000016910000,0x0000000016a10000)]
  0x0000000016394800 JavaThread "Attach Listener" daemon [_thread_blocked, id=6400, stack(0x0000000016810000,0x0000000016910000)]
  0x0000000016349800 JavaThread "Signal Dispatcher" daemon [_thread_blocked, id=9196, stack(0x0000000016710000,0x0000000016810000)]
  0x0000000002ac9800 JavaThread "Finalizer" daemon [_thread_blocked, id=2784, stack(0x0000000016210000,0x0000000016310000)]
  0x000000001433d800 JavaThread "Reference Handler" daemon [_thread_blocked, id=12736, stack(0x0000000016110000,0x0000000016210000)]
  0x000000000282e800 JavaThread "main" [_thread_blocked, id=8836, stack(0x0000000000050000,0x0000000000150000)]

Other Threads:
=>0x0000000014339800 VMThread [stack: 0x0000000016010000,0x0000000016110000] [id=18048]

VM state:at safepoint (shutting down)

VM Mutex/Monitor currently owned by a thread:  ([mutex/lock_event])
[0x000000000282d0c0] Threads_lock - owner thread: 0x0000000014339800

Heap:
 PSYoungGen      total 148480K, used 126958K [0x00000000f5580000, 0x0000000100000000, 0x0000000100000000)
  eden space 122368K, 99% used [0x00000000f5580000,0x00000000fcca1e58,0x00000000fcd00000)
  from space 26112K, 19% used [0x00000000fcd00000,0x00000000fd1d9ca0,0x00000000fe680000)
  to   space 26112K, 0% used [0x00000000fe680000,0x00000000fe680000,0x0000000100000000)
 ParOldGen       total 102912K, used 57973K [0x00000000e0000000, 0x00000000e6480000, 0x00000000f5580000)
  object space 102912K, 56% used [0x00000000e0000000,0x00000000e389d7c8,0x00000000e6480000)
 Metaspace       used 83625K, capacity 90938K, committed 91184K, reserved 1128448K
  class space    used 10054K, capacity 12329K, committed 12336K, reserved 1048576K

Card table byte_map: [0x0000000011e90000,0x0000000011fa0000] byte_map_base: 0x0000000011790000

Marking Bits: (ParMarkBitMap*) 0x000000007090a5b0
 Begin Bits: [0x0000000012850000, 0x0000000013050000)
 End Bits:   [0x0000000013050000, 0x0000000013850000)

Polling page: 0x00000000005b0000

CodeCache: size=245760Kb used=30818Kb max_used=31386Kb free=214941Kb
 bounds [0x0000000002ad0000, 0x00000000049d0000, 0x0000000011ad0000]
 total_blobs=9436 nmethods=8546 adapters=796
 compilation: enabled

Compilation events (10 events):
Event: 8702.140 Thread 0x00000000163a8000 nmethod 10786 0x0000000002e54990 code [0x0000000002e54b00, 0x0000000002e54c88]
Event: 8702.140 Thread 0x00000000163a8000 10787       3       org.eclipse.osgi.container.ModuleWiring::invalidate0 (52 bytes)
Event: 8702.140 Thread 0x00000000163a8000 nmethod 10787 0x00000000044fa210 code [0x00000000044fa3c0, 0x00000000044fad68]
Event: 8702.140 Thread 0x00000000163a8000 10788       3       org.eclipse.osgi.internal.container.AtomicLazyInitializer::getAndClear (9 bytes)
Event: 8702.141 Thread 0x00000000163a8000 nmethod 10788 0x0000000004912610 code [0x0000000004912780, 0x00000000049129d0]
Event: 8702.141 Thread 0x00000000163a8000 10789       3       java.util.concurrent.atomic.AtomicReference::getAndSet (12 bytes)
Event: 8702.141 Thread 0x00000000163a8000 nmethod 10789 0x000000000316eb50 code [0x000000000316eca0, 0x000000000316ee10]
Event: 8702.141 Thread 0x00000000163a8000 10790       3       sun.misc.Unsafe::getAndSetObject (24 bytes)
Event: 8702.141 Thread 0x00000000163a8000 nmethod 10790 0x00000000035a4010 code [0x00000000035a4180, 0x00000000035a4390]
Event: 8702.141 Thread 0x00000000163a8000 10791       3       org.eclipse.osgi.internal.framework.EquinoxContainerAdaptor::invalidateWiring (186 bytes)

GC Heap History (10 events):
Event: 66.177 GC heap before
{Heap before GC invocations=17 (full 3):
 PSYoungGen      total 109056K, used 32401K [0x00000000f5580000, 0x00000000ff100000, 0x0000000100000000)
  eden space 82944K, 15% used [0x00000000f5580000,0x00000000f61ea640,0x00000000fa680000)
  from space 26112K, 75% used [0x00000000fa680000,0x00000000fb9b9e40,0x00000000fc000000)
  to   space 27136K, 0% used [0x00000000fd680000,0x00000000fd680000,0x00000000ff100000)
 ParOldGen       total 102912K, used 45677K [0x00000000e0000000, 0x00000000e6480000, 0x00000000f5580000)
  object space 102912K, 44% used [0x00000000e0000000,0x00000000e2c9b750,0x00000000e6480000)
 Metaspace       used 79890K, capacity 86954K, committed 87088K, reserved 1124352K
  class space    used 9754K, capacity 11987K, committed 12080K, reserved 1048576K
Event: 66.190 GC heap after
Heap after GC invocations=17 (full 3):
 PSYoungGen      total 130048K, used 12938K [0x00000000f5580000, 0x00000000fef00000, 0x0000000100000000)
  eden space 104960K, 0% used [0x00000000f5580000,0x00000000f5580000,0x00000000fbc00000)
  from space 25088K, 51% used [0x00000000fd680000,0x00000000fe322970,0x00000000fef00000)
  to   space 26112K, 0% used [0x00000000fbc00000,0x00000000fbc00000,0x00000000fd580000)
 ParOldGen       total 102912K, used 45685K [0x00000000e0000000, 0x00000000e6480000, 0x00000000f5580000)
  object space 102912K, 44% used [0x00000000e0000000,0x00000000e2c9d750,0x00000000e6480000)
 Metaspace       used 79890K, capacity 86954K, committed 87088K, reserved 1124352K
  class space    used 9754K, capacity 11987K, committed 12080K, reserved 1048576K
}
Event: 66.190 GC heap before
{Heap before GC invocations=18 (full 4):
 PSYoungGen      total 130048K, used 12938K [0x00000000f5580000, 0x00000000fef00000, 0x0000000100000000)
  eden space 104960K, 0% used [0x00000000f5580000,0x00000000f5580000,0x00000000fbc00000)
  from space 25088K, 51% used [0x00000000fd680000,0x00000000fe322970,0x00000000fef00000)
  to   space 26112K, 0% used [0x00000000fbc00000,0x00000000fbc00000,0x00000000fd580000)
 ParOldGen       total 102912K, used 45685K [0x00000000e0000000, 0x00000000e6480000, 0x00000000f5580000)
  object space 102912K, 44% used [0x00000000e0000000,0x00000000e2c9d750,0x00000000e6480000)
 Metaspace       used 79890K, capacity 86954K, committed 87088K, reserved 1124352K
  class space    used 9754K, capacity 11987K, committed 12080K, reserved 1048576K
Event: 66.638 GC heap after
Heap after GC invocations=18 (full 4):
 PSYoungGen      total 130048K, used 0K [0x00000000f5580000, 0x00000000fef00000, 0x0000000100000000)
  eden space 104960K, 0% used [0x00000000f5580000,0x00000000f5580000,0x00000000fbc00000)
  from space 25088K, 0% used [0x00000000fd680000,0x00000000fd680000,0x00000000fef00000)
  to   space 26112K, 0% used [0x00000000fbc00000,0x00000000fbc00000,0x00000000fd580000)
 ParOldGen       total 102912K, used 57885K [0x00000000e0000000, 0x00000000e6480000, 0x00000000f5580000)
  object space 102912K, 56% used [0x00000000e0000000,0x00000000e38877b8,0x00000000e6480000)
 Metaspace       used 79890K, capacity 86954K, committed 87088K, reserved 1124352K
  class space    used 9754K, capacity 11987K, committed 12080K, reserved 1048576K
}
Event: 1581.445 GC heap before
{Heap before GC invocations=19 (full 4):
 PSYoungGen      total 130048K, used 104960K [0x00000000f5580000, 0x00000000fef00000, 0x0000000100000000)
  eden space 104960K, 100% used [0x00000000f5580000,0x00000000fbc00000,0x00000000fbc00000)
  from space 25088K, 0% used [0x00000000fd680000,0x00000000fd680000,0x00000000fef00000)
  to   space 26112K, 0% used [0x00000000fbc00000,0x00000000fbc00000,0x00000000fd580000)
 ParOldGen       total 102912K, used 57885K [0x00000000e0000000, 0x00000000e6480000, 0x00000000f5580000)
  object space 102912K, 56% used [0x00000000e0000000,0x00000000e38877b8,0x00000000e6480000)
 Metaspace       used 81714K, capacity 89174K, committed 89520K, reserved 1126400K
  class space    used 9884K, capacity 12105K, committed 12208K, reserved 1048576K
Event: 1581.452 GC heap after
Heap after GC invocations=19 (full 4):
 PSYoungGen      total 131072K, used 3963K [0x00000000f5580000, 0x0000000100000000, 0x0000000100000000)
  eden space 104960K, 0% used [0x00000000f5580000,0x00000000f5580000,0x00000000fbc00000)
  from space 26112K, 15% used [0x00000000fbc00000,0x00000000fbfdeec0,0x00000000fd580000)
  to   space 26112K, 0% used [0x00000000fe680000,0x00000000fe680000,0x0000000100000000)
 ParOldGen       total 102912K, used 57957K [0x00000000e0000000, 0x00000000e6480000, 0x00000000f5580000)
  object space 102912K, 56% used [0x00000000e0000000,0x00000000e38997c8,0x00000000e6480000)
 Metaspace       used 81714K, capacity 89174K, committed 89520K, reserved 1126400K
  class space    used 9884K, capacity 12105K, committed 12208K, reserved 1048576K
}
Event: 4416.898 GC heap before
{Heap before GC invocations=20 (full 4):
 PSYoungGen      total 131072K, used 108923K [0x00000000f5580000, 0x0000000100000000, 0x0000000100000000)
  eden space 104960K, 100% used [0x00000000f5580000,0x00000000fbc00000,0x00000000fbc00000)
  from space 26112K, 15% used [0x00000000fbc00000,0x00000000fbfdeec0,0x00000000fd580000)
  to   space 26112K, 0% used [0x00000000fe680000,0x00000000fe680000,0x0000000100000000)
 ParOldGen       total 102912K, used 57957K [0x00000000e0000000, 0x00000000e6480000, 0x00000000f5580000)
  object space 102912K, 56% used [0x00000000e0000000,0x00000000e38997c8,0x00000000e6480000)
 Metaspace       used 81926K, capacity 89302K, committed 89520K, reserved 1126400K
  class space    used 9898K, capacity 12105K, committed 12208K, reserved 1048576K
Event: 4416.904 GC heap after
Heap after GC invocations=20 (full 4):
 PSYoungGen      total 148480K, used 4775K [0x00000000f5580000, 0x0000000100000000, 0x0000000100000000)
  eden space 122368K, 0% used [0x00000000f5580000,0x00000000f5580000,0x00000000fcd00000)
  from space 26112K, 18% used [0x00000000fe680000,0x00000000feb29c80,0x0000000100000000)
  to   space 26112K, 0% used [0x00000000fcd00000,0x00000000fcd00000,0x00000000fe680000)
 ParOldGen       total 102912K, used 57965K [0x00000000e0000000, 0x00000000e6480000, 0x00000000f5580000)
  object space 102912K, 56% used [0x00000000e0000000,0x00000000e389b7c8,0x00000000e6480000)
 Metaspace       used 81926K, capacity 89302K, committed 89520K, reserved 1126400K
  class space    used 9898K, capacity 12105K, committed 12208K, reserved 1048576K
}
Event: 6303.412 GC heap before
{Heap before GC invocations=21 (full 4):
 PSYoungGen      total 148480K, used 127143K [0x00000000f5580000, 0x0000000100000000, 0x0000000100000000)
  eden space 122368K, 100% used [0x00000000f5580000,0x00000000fcd00000,0x00000000fcd00000)
  from space 26112K, 18% used [0x00000000fe680000,0x00000000feb29c80,0x0000000100000000)
  to   space 26112K, 0% used [0x00000000fcd00000,0x00000000fcd00000,0x00000000fe680000)
 ParOldGen       total 102912K, used 57965K [0x00000000e0000000, 0x00000000e6480000, 0x00000000f5580000)
  object space 102912K, 56% used [0x00000000e0000000,0x00000000e389b7c8,0x00000000e6480000)
 Metaspace       used 82514K, capacity 90134K, committed 90416K, reserved 1128448K
  class space    used 9941K, capacity 12233K, committed 12336K, reserved 1048576K
Event: 6303.418 GC heap after
Heap after GC invocations=21 (full 4):
 PSYoungGen      total 148480K, used 4967K [0x00000000f5580000, 0x0000000100000000, 0x0000000100000000)
  eden space 122368K, 0% used [0x00000000f5580000,0x00000000f5580000,0x00000000fcd00000)
  from space 26112K, 19% used [0x00000000fcd00000,0x00000000fd1d9ca0,0x00000000fe680000)
  to   space 26112K, 0% used [0x00000000fe680000,0x00000000fe680000,0x0000000100000000)
 ParOldGen       total 102912K, used 57973K [0x00000000e0000000, 0x00000000e6480000, 0x00000000f5580000)
  object space 102912K, 56% used [0x00000000e0000000,0x00000000e389d7c8,0x00000000e6480000)
 Metaspace       used 82514K, capacity 90134K, committed 90416K, reserved 1128448K
  class space    used 9941K, capacity 12233K, committed 12336K, reserved 1048576K
}

Deoptimization events (10 events):
Event: 8702.051 Thread 0x00000000193d6000 Uncommon trap: reason=bimorphic action=maybe_recompile pc=0x0000000003a5528c method=org.eclipse.tcf.protocol.Protocol$3.run()V @ 4
Event: 8702.064 Thread 0x000000001748e800 Uncommon trap: reason=unstable_if action=reinterpret pc=0x000000000394cc80 method=org.eclipse.osgi.internal.hooks.EclipseLazyStarter.shouldActivateFor(Ljava/lang/String;Lorg/eclipse/osgi/container/Module;Lorg/eclipse/osgi/container/ModuleRevision;Lorg/ecli
Event: 8702.092 Thread 0x000000001748e800 Uncommon trap: reason=unstable_if action=reinterpret pc=0x000000000380689c method=org.eclipse.osgi.internal.framework.FilterImpl.compare_Long(IJLjava/lang/Object;)Z @ 146
Event: 8702.096 Thread 0x000000001748e800 Uncommon trap: reason=class_check action=maybe_recompile pc=0x00000000034fe3b0 method=org.eclipse.osgi.internal.loader.BundleLoader.findImportedSource(Ljava/lang/String;Ljava/util/Collection;)Lorg/eclipse/osgi/internal/loader/sources/PackageSource; @ 16
Event: 8702.096 Thread 0x000000001748e800 Uncommon trap: reason=class_check action=maybe_recompile pc=0x00000000034fe3b0 method=org.eclipse.osgi.internal.loader.BundleLoader.findImportedSource(Ljava/lang/String;Ljava/util/Collection;)Lorg/eclipse/osgi/internal/loader/sources/PackageSource; @ 16
Event: 8702.109 Thread 0x00000000193db800 Uncommon trap: reason=unstable_if action=reinterpret pc=0x0000000004754124 method=org.eclipse.core.internal.jobs.JobManager.nextJob()Lorg/eclipse/core/runtime/jobs/Job; @ 80
Event: 8702.109 Thread 0x00000000172e8000 Uncommon trap: reason=unstable_if action=reinterpret pc=0x0000000004754124 method=org.eclipse.core.internal.jobs.JobManager.nextJob()Lorg/eclipse/core/runtime/jobs/Job; @ 80
Event: 8702.109 Thread 0x00000000193dd000 Uncommon trap: reason=unstable_if action=reinterpret pc=0x000000000474ec10 method=org.eclipse.core.internal.jobs.JobManager.nextJob()Lorg/eclipse/core/runtime/jobs/Job; @ 80
Event: 8702.110 Thread 0x0000000017485800 Uncommon trap: reason=unstable_if action=reinterpret pc=0x0000000004754124 method=org.eclipse.core.internal.jobs.JobManager.nextJob()Lorg/eclipse/core/runtime/jobs/Job; @ 80
Event: 8702.125 Thread 0x000000001748e800 Uncommon trap: reason=unstable_if action=reinterpret pc=0x0000000003345528 method=sun.reflect.UnsafeStaticObjectFieldAccessorImpl.set(Ljava/lang/Object;Ljava/lang/Object;)V @ 13

Internal exceptions (10 events):
Event: 8701.173 Thread 0x000000000282e800 Exception <a 'java/io/FileNotFoundException'> (0x00000000fc26bff0) thrown at [C:\re\workspace\8-2-build-windows-amd64-cygwin\jdk8u66\5298\hotspot\src\share\vm\prims\jni.cpp, line 709]
Event: 8701.173 Thread 0x000000000282e800 Exception <a 'java/io/FileNotFoundException'> (0x00000000fc26dc08) thrown at [C:\re\workspace\8-2-build-windows-amd64-cygwin\jdk8u66\5298\hotspot\src\share\vm\prims\jni.cpp, line 709]
Event: 8701.173 Thread 0x000000000282e800 Exception <a 'java/io/FileNotFoundException'> (0x00000000fc26f978) thrown at [C:\re\workspace\8-2-build-windows-amd64-cygwin\jdk8u66\5298\hotspot\src\share\vm\prims\jni.cpp, line 709]
Event: 8701.515 Thread 0x0000000017484000 Exception <a 'java/lang/InterruptedException'> (0x00000000fc6d3120) thrown at [C:\re\workspace\8-2-build-windows-amd64-cygwin\jdk8u66\5298\hotspot\src\share\vm\runtime\objectMonitor.cpp, line 1683]
Event: 8702.078 Thread 0x000000001748e800 Exception <a 'java/lang/NullPointerException'> (0x00000000e062cd50) thrown at [C:\re\workspace\8-2-build-windows-amd64-cygwin\jdk8u66\5298\hotspot\src\share\vm\prims\jvm.cpp, line 1390]
Event: 8702.109 Thread 0x00000000193d1800 Exception <a 'java/lang/InterruptedException'> (0x00000000fc2a4830) thrown at [C:\re\workspace\8-2-build-windows-amd64-cygwin\jdk8u66\5298\hotspot\src\share\vm\runtime\objectMonitor.cpp, line 1683]
Event: 8702.125 Thread 0x000000001748e800 Implicit null exception at 0x0000000003345117 to 0x0000000003345515
Event: 8702.125 Thread 0x00000000172e8800 Exception <a 'java/lang/InterruptedException'> (0x00000000fca725f8) thrown at [C:\re\workspace\8-2-build-windows-amd64-cygwin\jdk8u66\5298\hotspot\src\share\vm\runtime\objectMonitor.cpp, line 1683]
Event: 8702.137 Thread 0x00000000193d4800 Exception <a 'java/lang/InterruptedException'> (0x00000000fb7e2dc0) thrown at [C:\re\workspace\8-2-build-windows-amd64-cygwin\jdk8u66\5298\hotspot\src\share\vm\runtime\objectMonitor.cpp, line 1683]
Event: 8702.137 Thread 0x00000000172e7000 Exception <a 'java/lang/InterruptedException'> (0x00000000fcc044f0) thrown at [C:\re\workspace\8-2-build-windows-amd64-cygwin\jdk8u66\5298\hotspot\src\share\vm\runtime\objectMonitor.cpp, line 1683]

Events (10 events):
Event: 8702.140 Thread 0x00000000163a8000 flushing nmethod 0x0000000004912610
Event: 8702.140 Thread 0x000000001748e800 Thread exited: 0x000000001748e800
Event: 8702.140 Thread 0x00000000163a8000 flushing nmethod 0x0000000004961b50
Event: 8702.140 loading class java/util/IdentityHashMap$KeyIterator
Event: 8702.140 loading class java/util/IdentityHashMap$IdentityHashMapIterator
Event: 8702.140 loading class java/util/IdentityHashMap$IdentityHashMapIterator done
Event: 8702.140 loading class java/util/IdentityHashMap$KeyIterator done
Event: 8702.140 Thread 0x0000000017488000 Thread added: 0x0000000017488000
Event: 8702.141 Thread 0x0000000017488000 Thread exited: 0x0000000017488000
Event: 8702.142 Executing VM operation: Exit


Dynamic libraries:
0x0000000000400000 - 0x000000000044f000 	D:\xilinx\SDK\2016.3\eclipse\win64.o\eclipse.exe
0x00007ffb67220000 - 0x00007ffb673fb000 	C:\Windows\SYSTEM32\ntdll.dll
0x00007ffb64840000 - 0x00007ffb648ee000 	C:\Windows\System32\KERNEL32.DLL
0x00007ffb64170000 - 0x00007ffb643b9000 	C:\Windows\System32\KERNELBASE.dll
0x00007ffb665f0000 - 0x00007ffb6673a000 	C:\Windows\System32\USER32.dll
0x00007ffb63960000 - 0x00007ffb6397e000 	C:\Windows\System32\win32u.dll
0x00007ffb66530000 - 0x00007ffb66557000 	C:\Windows\System32\GDI32.dll
0x00007ffb64420000 - 0x00007ffb645a7000 	C:\Windows\System32\gdi32full.dll
0x00007ffb63980000 - 0x00007ffb63a1a000 	C:\Windows\System32\msvcp_win.dll
0x00007ffb637b0000 - 0x00007ffb638a6000 	C:\Windows\System32\ucrtbase.dll
0x00007ffb66fe0000 - 0x00007ffb6707d000 	C:\Windows\System32\msvcrt.dll
0x00007ffb56d80000 - 0x00007ffb56fe7000 	C:\Windows\WinSxS\amd64_microsoft.windows.common-controls_6595b64144ccf1df_6.0.15063.483_none_26002d27e7c744a2\COMCTL32.dll
0x00007ffb66b20000 - 0x00007ffb66e19000 	C:\Windows\System32\combase.dll
0x00007ffb667c0000 - 0x00007ffb668e5000 	C:\Windows\System32\RPCRT4.dll
0x00007ffb63740000 - 0x00007ffb637aa000 	C:\Windows\System32\bcryptPrimitives.dll
0x00007ffb665c0000 - 0x00007ffb665ed000 	C:\Windows\System32\IMM32.DLL
0x0000000072000000 - 0x0000000072012000 	D:\xilinx\SDK\2016.3\eclipse\win64.o\plugins\org.eclipse.equinox.launcher.win32.win32.x86_64_1.1.300.v20150602-1417\eclipse_1611.dll
0x00007ffb648f0000 - 0x00007ffb64991000 	C:\Windows\System32\ADVAPI32.dll
0x00007ffb647e0000 - 0x00007ffb64839000 	C:\Windows\System32\sechost.dll
0x00007ffb5edf0000 - 0x00007ffb5edfa000 	C:\Windows\SYSTEM32\VERSION.dll
0x00007ffb61ea0000 - 0x00007ffb61f35000 	C:\Windows\system32\uxtheme.dll
0x00007ffb668f0000 - 0x00007ffb66a56000 	C:\Windows\System32\MSCTF.dll
0x00007ffb66a60000 - 0x00007ffb66b20000 	C:\Windows\System32\OLEAUT32.dll
0x00007ffb38770000 - 0x00007ffb38820000 	C:\Program Files\Nahimic\Nahimic2\UserInterface\x64\Nahimic2DevProps.dll
0x00007ffb64e10000 - 0x00007ffb64f55000 	C:\Windows\System32\ole32.dll
0x00007ffb66740000 - 0x00007ffb667ac000 	C:\Windows\System32\WS2_32.dll
0x00007ffb64fe0000 - 0x00007ffb66416000 	C:\Windows\System32\SHELL32.dll
0x00007ffb63a20000 - 0x00007ffb63a69000 	C:\Windows\System32\cfgmgr32.dll
0x00007ffb66e80000 - 0x00007ffb66f2a000 	C:\Windows\System32\shcore.dll
0x00007ffb63a70000 - 0x00007ffb64161000 	C:\Windows\System32\windows.storage.dll
0x00007ffb64780000 - 0x00007ffb647d1000 	C:\Windows\System32\shlwapi.dll
0x00007ffb63690000 - 0x00007ffb636a1000 	C:\Windows\System32\kernel.appcore.dll
0x00007ffb636b0000 - 0x00007ffb636fc000 	C:\Windows\System32\powrprof.dll
0x00007ffb63700000 - 0x00007ffb63715000 	C:\Windows\System32\profapi.dll
0x00007ffb288e0000 - 0x00007ffb28943000 	C:\Program Files\Nahimic\Nahimic2\UserInterface\x64\Nahimic2OSD.dll
0x00007ffb26a30000 - 0x00007ffb26a6b000 	C:\Program Files\Nahimic\Nahimic VR\Foundation\x64\NahimicVRDevProps.dll
0x0000000070100000 - 0x0000000070989000 	D:\xilinx\SDK\2016.3\tps\win64\jre\bin\server\jvm.dll
0x00007ffb649a0000 - 0x00007ffb649a8000 	C:\Windows\System32\PSAPI.DLL
0x00007ffb4cd30000 - 0x00007ffb4cd39000 	C:\Windows\SYSTEM32\WSOCK32.dll
0x00007ffb5abd0000 - 0x00007ffb5abf3000 	C:\Windows\SYSTEM32\WINMM.dll
0x0000000070e30000 - 0x0000000070f02000 	C:\Windows\SYSTEM32\MSVCR100.dll
0x00007ffb5a7f0000 - 0x00007ffb5a81b000 	C:\Windows\SYSTEM32\WINMMBASE.dll
0x00007ffb66f30000 - 0x00007ffb66fce000 	C:\Windows\System32\clbcatq.dll
0x00007ffb5e610000 - 0x00007ffb5e677000 	C:\Windows\System32\MMDevApi.dll
0x00007ffb62280000 - 0x00007ffb622a8000 	C:\Windows\System32\DEVOBJ.dll
0x00007ffb5e410000 - 0x00007ffb5e5a6000 	C:\Windows\System32\PROPSYS.dll
0x00007ffb5c530000 - 0x00007ffb5c635000 	C:\Windows\SYSTEM32\AUDIOSES.DLL
0x00007ffb5fb60000 - 0x00007ffb5fc99000 	C:\Windows\SYSTEM32\wintypes.dll
0x00007ffb5f300000 - 0x00007ffb5f30b000 	C:\Windows\SYSTEM32\AVRT.dll
0x0000000070a90000 - 0x0000000070a9f000 	D:\xilinx\SDK\2016.3\tps\win64\jre\bin\verify.dll
0x00000000700d0000 - 0x00000000700f9000 	D:\xilinx\SDK\2016.3\tps\win64\jre\bin\java.dll
0x00000000700b0000 - 0x00000000700c6000 	D:\xilinx\SDK\2016.3\tps\win64\jre\bin\zip.dll
0x00007ffb63110000 - 0x00007ffb63127000 	C:\Windows\SYSTEM32\CRYPTSP.dll
0x00007ffb62b90000 - 0x00007ffb62bc4000 	C:\Windows\system32\rsaenh.dll
0x00007ffb63220000 - 0x00007ffb63245000 	C:\Windows\SYSTEM32\bcrypt.dll
0x00007ffb635c0000 - 0x00007ffb635e9000 	C:\Windows\SYSTEM32\USERENV.dll
0x00007ffb63130000 - 0x00007ffb6313b000 	C:\Windows\SYSTEM32\CRYPTBASE.dll
0x0000000070090000 - 0x00000000700aa000 	D:\xilinx\SDK\2016.3\tps\win64\jre\bin\net.dll
0x00007ffb62f70000 - 0x00007ffb62fcc000 	C:\Windows\system32\mswsock.dll
0x00007ffb62d10000 - 0x00007ffb62d47000 	C:\Windows\SYSTEM32\IPHLPAPI.DLL
0x00007ffb667b0000 - 0x00007ffb667b8000 	C:\Windows\System32\NSI.dll
0x00007ffb5e0e0000 - 0x00007ffb5e0f6000 	C:\Windows\SYSTEM32\dhcpcsvc6.DLL
0x00007ffb5e2c0000 - 0x00007ffb5e2da000 	C:\Windows\SYSTEM32\dhcpcsvc.DLL
0x0000000070070000 - 0x0000000070081000 	D:\xilinx\SDK\2016.3\tps\win64\jre\bin\nio.dll
0x00007ffb58680000 - 0x00007ffb58702000 	C:\Windows\System32\TextInputFramework.dll
0x00007ffb582a0000 - 0x00007ffb58572000 	C:\Windows\System32\CoreUIComponents.dll
0x00007ffb61750000 - 0x00007ffb61833000 	C:\Windows\System32\CoreMessaging.dll
0x00007ffb62870000 - 0x00007ffb628a1000 	C:\Windows\SYSTEM32\ntmarta.dll
0x00007ffb607b0000 - 0x00007ffb607c5000 	C:\Windows\SYSTEM32\usermgrcli.dll
0x00007ffb592f0000 - 0x00007ffb5931a000 	C:\Windows\system32\dwmapi.dll
0x00007ffb4ea50000 - 0x00007ffb4ea66000 	C:\Windows\system32\napinsp.dll
0x00007ffb4ea30000 - 0x00007ffb4ea4a000 	C:\Windows\system32\pnrpnsp.dll
0x00007ffb60880000 - 0x00007ffb60898000 	C:\Windows\system32\NLAapi.dll
0x00007ffb62d50000 - 0x00007ffb62df4000 	C:\Windows\SYSTEM32\DNSAPI.dll
0x00007ffb4e860000 - 0x00007ffb4e86e000 	C:\Windows\System32\winrnr.dll
0x00007ffb4e840000 - 0x00007ffb4e855000 	C:\Windows\System32\wshbth.dll
0x0000000017a40000 - 0x0000000017abc000 	C:\Windows\system32\xunyount64.dll
0x00007ffb5b9e0000 - 0x00007ffb5b9ea000 	C:\Windows\system32\wshqos.dll
0x00007ffb5b9d0000 - 0x00007ffb5b9d8000 	C:\Windows\SYSTEM32\wshtcpip.DLL
0x00007ffb5b9c0000 - 0x00007ffb5b9c8000 	C:\Windows\SYSTEM32\wship6.dll
0x00007ffb571f0000 - 0x00007ffb571fa000 	C:\Windows\System32\rasadhlp.dll
0x00007ffb5c320000 - 0x00007ffb5c38b000 	C:\Windows\System32\fwpuclnt.dll
0x00007ffb597b0000 - 0x00007ffb597b7000 	C:\Windows\system32\MSIMG32.dll
0x00007ffb3d920000 - 0x00007ffb3e1e1000 	C:\Windows\system32\SogouPy.ime
0x00007ffb58580000 - 0x00007ffb585eb000 	C:\Windows\SYSTEM32\OLEACC.dll
0x000000001b340000 - 0x000000001b41f000 	C:\Program Files (x86)\SogouInput\8.6.0.1467\Resource.dll
0x00007ffb39f40000 - 0x00007ffb3a1a6000 	C:\Program Files (x86)\SogouInput\Components\PicFace\1.1.0.1766\PicFace64.dll
0x00007ffb66420000 - 0x00007ffb66528000 	C:\Windows\System32\COMDLG32.dll
0x000000001ae00000 - 0x000000001aea8000 	C:\Users\53430\.Xilinx\SDK\2016.3\org.eclipse.osgi\319\0\.cp\swt-win32-4527.dll
0x00007ffb585f0000 - 0x00007ffb5867a000 	C:\Windows\SYSTEM32\WINSPOOL.DRV
0x00007ffb5c870000 - 0x00007ffb5c889000 	C:\Windows\SYSTEM32\USP10.dll
0x00007ffb5afc0000 - 0x00007ffb5b2ee000 	C:\Windows\SYSTEM32\WININET.dll
0x000000001fe40000 - 0x0000000020009000 	C:\Windows\System32\CRYPT32.dll
0x00007ffb63720000 - 0x00007ffb63731000 	C:\Windows\System32\MSASN1.dll
0x000000001aec0000 - 0x000000001aede000 	C:\Users\53430\.Xilinx\SDK\2016.3\org.eclipse.osgi\319\0\.cp\swt-gdip-win32-4527.dll
0x00007ffb588d0000 - 0x00007ffb58a65000 	C:\Windows\WinSxS\amd64_microsoft.windows.gdiplus_6595b64144ccf1df_1.1.15063.608_none_56f0266b425534e9\gdiplus.dll
0x00007ffb55980000 - 0x00007ffb55b2c000 	C:\Windows\SYSTEM32\WindowsCodecs.dll
0x0000000180000000 - 0x0000000180012000 	C:\Users\53430\.Xilinx\SDK\2016.3\org.eclipse.osgi\133\0\.cp\os\win32\x86_64\localfile_1_0_0.dll
0x00007ffb59bb0000 - 0x00007ffb59bc1000 	C:\Users\53430\.Xilinx\SDK\2016.3\org.eclipse.osgi\136\0\.cp\jWinHttp-1.0.0.dll
0x00007ffb5c640000 - 0x00007ffb5c717000 	C:\Windows\SYSTEM32\WINHTTP.dll
0x00007ffb60a10000 - 0x00007ffb60a1f000 	D:\xilinx\SDK\2016.3\lib\win64.o\librdi_repo_manager.dll
0x00007ffb59b20000 - 0x00007ffb59b4a000 	D:\xilinx\SDK\2016.3\lib\win64.o\libisl_sysinfo.dll
0x00007ffae5a00000 - 0x00007ffae64a9000 	D:\xilinx\SDK\2016.3\lib\win64.o\librdi_common.dll
0x00007ffb59b50000 - 0x00007ffb59ba3000 	D:\xilinx\SDK\2016.3\lib\win64.o\librdi_commonxillic.dll
0x00007ffb397a0000 - 0x00007ffb39998000 	D:\xilinx\SDK\2016.3\lib\win64.o\librdi_hsm.dll
0x00007ffb15d90000 - 0x00007ffb15e64000 	C:\Windows\SYSTEM32\MSVCR110.dll
0x00007ffb15ce0000 - 0x00007ffb15d87000 	C:\Windows\SYSTEM32\MSVCP110.dll
0x00007ffaf0700000 - 0x00007ffaf0a6e000 	D:\xilinx\SDK\2016.3\lib\win64.o\libCOIN-all.dll
0x00007ffb60290000 - 0x00007ffb60299000 	D:\xilinx\SDK\2016.3\lib\win64.o\libboost_system.dll
0x00007ffb39580000 - 0x00007ffb3979f000 	D:\xilinx\SDK\2016.3\lib\win64.o\libXil_lmgr11.dll
0x00007ffb59ab0000 - 0x00007ffb59ad4000 	D:\xilinx\SDK\2016.3\lib\win64.o\libboost_filesystem.dll
0x00007ffb48030000 - 0x00007ffb48136000 	D:\xilinx\SDK\2016.3\lib\win64.o\libboost_regex.dll
0x00007ffb643c0000 - 0x00007ffb64416000 	C:\Windows\System32\WINTRUST.dll
0x00007ffb4b770000 - 0x00007ffb4b7e7000 	D:\xilinx\SDK\2016.3\lib\win64.o\libboost_program_options.dll
0x00007ffb5f290000 - 0x00007ffb5f2a0000 	D:\xilinx\SDK\2016.3\lib\win64.o\libboost_date_time.dll
0x00007ffb59a60000 - 0x00007ffb59aa3000 	D:\xilinx\SDK\2016.3\lib\win64.o\librdi_hdf.dll
0x00007ffaf0430000 - 0x00007ffaf06f6000 	D:\xilinx\SDK\2016.3\lib\win64.o\librdi_ippcw.dll
0x0000000070aa0000 - 0x0000000070bc7000 	D:\xilinx\SDK\2016.3\lib\win64.o\tcl85t.dll
0x00007ffb4d3c0000 - 0x00007ffb4d3d3000 	D:\xilinx\SDK\2016.3\lib\win64.o\libboost_signals.dll
0x00007ffb4ea10000 - 0x00007ffb4ea2d000 	D:\xilinx\SDK\2016.3\lib\win64.o\libboost_thread.dll
0x00007ffb5c8a0000 - 0x00007ffb5c8ab000 	D:\xilinx\SDK\2016.3\lib\win64.o\libboost_xilinx.dll
0x00007ffb4b5c0000 - 0x00007ffb4b640000 	D:\xilinx\SDK\2016.3\lib\win64.o\libhdlpsolve.dll
0x00007ffb34260000 - 0x00007ffb342fa000 	D:\xilinx\SDK\2016.3\lib\win64.o\libhdxml.dll
0x00007ffb32540000 - 0x00007ffb32670000 	D:\xilinx\SDK\2016.3\lib\win64.o\librdi_curl.dll
0x00007ffb4b750000 - 0x00007ffb4b765000 	D:\xilinx\SDK\2016.3\lib\win64.o\pthreadVC2.dll
0x00007ffaf0060000 - 0x00007ffaf0429000 	D:\xilinx\SDK\2016.3\lib\win64.o\libisl_iostreams.dll
0x00007ffb4b730000 - 0x00007ffb4b748000 	D:\xilinx\SDK\2016.3\lib\win64.o\librdiconfig.dll
0x00007ffb4b6e0000 - 0x00007ffb4b703000 	D:\xilinx\SDK\2016.3\lib\win64.o\librdizlib.dll

VM Arguments:
jvm_args: -Dcom.xilinx.sdk.args.hwspec=C:/Users/53430/Desktop/lab3b/project_lab3c/project_lab3c.sdk/design_1_wrapper.hdf -Xms64m -Xmx512m & 
java_command: <unknown>
java_class_path (initial): D:\xilinx\SDK\2016.3\eclipse\win64.o\\plugins/org.eclipse.equinox.launcher_1.3.100.v20150511-1540.jar
Launcher Type: generic

Environment Variables:
USERNAME=53430
OS=Windows_NT
PROCESSOR_IDENTIFIER=Intel64 Family 6 Model 158 Stepping 9, GenuineIntel



---------------  S Y S T E M  ---------------

OS: Windows 10.0 , 64 bit Build 15063 (10.0.15063.296)

CPU:total 8 (4 cores per cpu, 2 threads per core) family 6 model 158 stepping 9, cmov, cx8, fxsr, mmx, sse, sse2, sse3, ssse3, sse4.1, sse4.2, popcnt, avx, avx2, aes, clmul, erms, 3dnowpref, lzcnt, ht, tsc, tscinvbit, bmi1, bmi2, adx

Memory: 4k page, physical 16661856k(9018488k free), swap 23477600k(13017136k free)

vm_info: Java HotSpot(TM) 64-Bit Server VM (25.66-b18) for windows-amd64 JRE (1.8.0_66-b18), built on Nov  9 2015 10:51:13 by "java_re" with MS VC++ 10.0 (VS2010)

time: Wed Nov 08 10:58:29 2017
elapsed time: 8712 seconds (0d 2h 25m 12s)

