#-----------------------------------------------------------
# Vivado v2016.3 (64-bit)
# SW Build 1682563 on Mon Oct 10 19:07:27 MDT 2016
# IP Build 1681267 on Mon Oct 10 21:28:31 MDT 2016
# Start of session at: Wed Nov 08 09:19:40 2017
# Process ID: 11340
# Current directory: C:/Users/53430/Desktop/lab3b/project_lab3c/project_lab3c.tmp/lab3c_v1_0_project
# Command line: vivado.exe -gui_launcher_event rodinguilauncherevent2900 C:\Users\53430\Desktop\lab3b\project_lab3c\project_lab3c.tmp\lab3c_v1_0_project\lab3c_v1_0_project.xpr
# Log file: C:/Users/53430/Desktop/lab3b/project_lab3c/project_lab3c.tmp/lab3c_v1_0_project/vivado.log
# Journal file: C:/Users/53430/Desktop/lab3b/project_lab3c/project_lab3c.tmp/lab3c_v1_0_project\vivado.jou
#-----------------------------------------------------------
start_gui
open_project C:/Users/53430/Desktop/lab3b/project_lab3c/project_lab3c.tmp/lab3c_v1_0_project/lab3c_v1_0_project.xpr
Scanning sources...
Finished scanning sources
WARNING: [filemgmt 56-3] IP Output Repository Path: Could not find the directory 'C:/Users/53430/Desktop/lab3b/project_lab3c/project_lab3c.tmp/lab3c_v1_0_project/lab3c_v1_0_project.cache/ip'.
INFO: [IP_Flow 19-234] Refreshing IP repositories
INFO: [IP_Flow 19-1700] Loaded user IP repository 'd:/EMBEDDEDPROJECT/MyWork/ip_repo/lab3c_1.0'.
INFO: [IP_Flow 19-2313] Loaded Vivado IP repository 'D:/xilinx/Vivado/2016.3/data/ip'.
exit
INFO: [Common 17-206] Exiting Vivado at Wed Nov 08 09:20:35 2017...
